1 IBSYSTEM 1.61
2 BORYSZEW 73.00
3 PAGED 8.80
4 LZPS 12.80
5 WISTIL 220.00
6 STALPROFI 77.40
7 KRUSZWICA 29.30
8 BEDZIN 38.00
9 IMPEXMET 36.60
10 PEPEES 37.30
11 KOPEX 51.90
12 GARBARNIA 8.70
13 EKODROB 2.10
14 SKOTAN 8.00
15 BEST 2.30
16 SANOK 106.00
17 FERRUM 2.70
18 BYTOM 3.40
19 MILMET 8.30
20 GRAJEWO 166.00
21 KRAKCHEM 10.70
22 TIM 1.38
23 LUBAWA 7.50
24 KABLE 14.30
25 FON 0.73
26 PROSPER 14.75
27 SANWIL 3.50
28 EMAX 111.50
29 LPP 536.50
30 DEBICA 128.00
31 ODLEWNIE 1.91
32 REMAK 6.75
33 FASING 4.49
34 OLAWA 33.40
35 GETIN 1.63
36 APATOR 42.50
37 MCI 1.04
38 KETY 135.00
39 HUTMEN 14.40
40 ROLIMPEX 11.80
41 FORTE 9.10
42 ELMONTWAR 1.00
43 PROCHNIK 0.55
44 INTERIA.PL 8.20
45 VISTULA 5.10
46 RELPOL 66.50
47 WOLCZANKA 7.15
48 CENSTALGD 2.12
49 SZEPTEL 2.72
50 ROPCZYCE 14.55
51 MOSTALSDL 10.70
52 SOFTBANK 25.80
53 SWIECIE 77.20
54 STERPRO 17.55
55 WAFAPOMP 6.50
56 ENERGOPOL 3.10
57 HYDROBUD 23.50
58 KOGENERA 19.10
59 PROJPRZEM 9.70
60 WAWEL 45.00
61 BEEFSAN 0.76
62 ELDORADO 30.10
63 STALPROD 26.00
64 IGROUP 1.64
65 POLLENAE 9.40
66 ELZAB 12.80
67 ENERGOPLD 14.50
68 TUP 0.75
69 PUE 32.40
70 FORTISPL 56.00
71 KROSNO 80.00
72 NAFTA 3.75
73 LDASA 0.16
74 COMARCH 51.30
75 AMPLI 0.87
76 KGHM 26.20
77 OKOCIM 25.20
78 ATLANTIS 0.65
79 ECHO 67.40
80 WARTA 226.00
81 PEKPOL 3.70
82 EFL 55.00
83 MACROSOFT 10.45
84 JUTRZENKA 32.30
85 ZEG 7.15
86 HOGA.PL 3.14
87 TONSIL 0.45
88 SWARZEDZ 1.40
89 PEMUG 2.70
90 CERSANIT 76.50
91 07NFI 2.16
92 PERMEDIA 18.00
93 BUDOPOL 0.53
94 GROCLIN 99.50
95 NORDEABP 20.00
96 POLNA 3.00
97 ORBIS 27.70
98 HYDROTOR 6.50
99 FARMACOL 23.70
100 LENTEX 23.50
101 TALEX 19.35
102 ELEKTRIM 3.14
103 INSTAL 0.88
104 RAFAKO 6.60
105 BICK 1.64
106 INSTALKRK 3.60
107 PGF 41.80
108 ENERGOPN 7.55
109 WILBO 2.84
110 ENAP 1.45
111 MPECWRO 7.00
112 SOKOLOW 3.50
113 CSS 17.40
114 PKNORLEN 25.00
115 HOWELL 0.45
116 MENNICA 28.50
117 POLFKUTNO 222.00
118 HYDROGD 21.10
119 PROCHEM 8.05
120 PROKOM 174.00
121 STALEXP 1.79
122 DROSED 40.10
123 BPHPBK 355.00
124 NETIA 4.00
125 PONARFEH 17.70
126 ELKOP 5.70
127 OPTIMUS 7.85
128 02NFI 2.63
129 PPWK 3.36
130 05VICT 2.48
131 IRENA 13.60
132 MUZA 5.75
133 14ZACH 3.65
134 MOSTALWAR 11.70
135 ALPRAS 2.60
136 ELBUDOWA 16.15
137 EFEKT 7.85
138 DBPBC 1.31
139 BUDIMEX 35.80
140 PEKAO 108.00
141 TPSA 15.15
142 ZYWIEC 434.00
143 POLNORD 12.65
144 MASTERS 1.57
145 10FOKSAL 2.34
146 WANDALEX 2.74
147 JELFA 48.00
148 GRUPAONET 17.70
149 06MAGNA 4.51
150 MOSTALPLC 10.60
151 BZWBK 75.70
152 UNIMIL 40.80
153 STOMIL 40.80
154 04PRO 3.55
155 ELEKTROEX 0.51
156 POLIFARBC 8.20
157 ORFE 20.80
158 BRE 92.50
159 AGORA 51.10
160 ZREW 39.40
161 BOS 52.50
162 15HETMAN 8.10
163 INDYKPOL 22.00
164 01NFI 3.35
165 COMPLAND 91.00
166 13FORTUNA 3.24
167 09KWIAT 7.90
168 SUWARY 18.50
169 STRZELEC 1.80
170 MITEX 13.95
171 TELMAX 35.90
172 POLIGR 18.30
173 08OCTAVA 9.55
174 GANT 1.70
175 MIESZKO 9.90
176 NOVITA 7.70
177 INGBSK 345.00
178 TUEUROPA 14.80
179 MOSTALEXP 1.04
180 SIMPLE 2.33
181 DZPOLSKA 12.00
182 HANDLOWY 57.70
183 MILLENNIUM 2.55
184 BAUMA 5.40
185 AMICA 27.00
186 MANOMETRY 7.10
187 TRASTYCHY 11.80
188 KOMPAP 4.42
189 OBORNIKI 1.21
190 12PIAST 0.75
191 JUPITER 2.25
192 KREDYTB 8.00
193 MOSTALZAB 0.61
194 KRUK 12.80
195 PEKABEX 0.80
196 POZMEAT 4.50
197 7BULLS 2.40
