1 VISTULA 31.00
2 TUP 4.15
3 TIM 7.25
4 WOLCZANKA 34.20
5 AMPLI 4.06
6 10FOKSAL 9.70
7 BEEFSAN 3.01
8 BYTOM 13.20
9 SANWIL 13.50
10 05VICT 8.90
11 POLNA 10.50
12 GETIN 3.15
13 BEST 7.70
14 ALPRAS 8.65
15 FERRUM 8.90
16 01NFI 10.95
17 POLIMEXMS 33.60
18 GRUPAONET 56.00
19 HYDROTOR 19.80
20 STALPROD 78.50
21 ARKSTEEL 2.20
22 GARBARNIA 25.80
23 BORYSZEW 20.10
24 INDYKPOL 64.90
25 MACROSOFT 27.30
26 ZREW 103.50
27 PROCHEM 20.80
28 MENNICA 73.10
29 PROCHNIK 1.40
30 EKODROB 5.20
31 DUDA 137.50
32 KABLE 33.60
33 TUEUROPA 34.70
34 ALMA 24.70
35 HYDROBUD 54.00
36 WAWEL 103.00
37 APATOR 94.90
38 02NFI 5.95
39 WANDALEX 5.90
40 MCI 2.24
41 BAUMA 11.60
42 04PRO 7.45
43 ODLEWNIE 3.95
44 STALPROFI 156.00
45 LZPS 23.60
46 PAGED 17.85
47 ELEKTRIM 6.35
48 RAFAKO 13.00
49 PEMUG 5.20
50 JUPITER 4.31
51 EFEKT 14.40
52 13FORTUNA 6.10
53 ELEKTROEX 0.94
54 PERMEDIA 30.80
55 SWARZEDZ 2.45
56 ENAP 2.55
57 SKOTAN 14.00
58 MOSTALPLC 18.40
59 FASING 7.75
60 ELBUDOWA 27.10
61 PPWK 5.70
62 HUTMEN 17.70
63 SOKOLOW 5.85
64 MILMET 13.75
65 LUBAWA 11.80
66 KROSNO 128.00
67 INSTALKRK 5.70
68 OBORNIKI 1.94
69 KRUK 20.50
70 09KWIAT 12.65
71 PUE 51.00
72 NOVITA 12.05
73 POLLENAE 14.60
74 PKNORLEN 37.80
75 CERSANIT 117.00
76 07NFI 3.30
77 NAFTA 5.70
78 POLFKUTNO 336.00
79 LDASA 0.24
80 STALEXP 2.68
81 SZEPTEL 4.07
82 REMAK 10.00
83 ATLANTIS 0.96
84 MIESZKO 3.30
85 TELMAX 53.00
86 PGF 59.60
87 BACA 271.00
88 BANKBPH 510.00
89 KOGENERA 27.30
90 ENERGOPLD 21.20
91 PONARFEH 25.00
92 FORTE 12.35
93 COMARCH 71.50
94 ELKOP 7.90
95 MPECWRO 9.60
96 IMPEXMET 50.70
97 JUTRZENKA 43.90
98 MOSTALZAB 0.83
99 ELDORADO 40.60
100 FON 0.99
101 7BULLS 3.24
102 MOSTALEXP 1.39
103 SANOK 141.00
104 SIMPLE 3.09
105 PEKAO 138.00
106 BUDOPOL 0.70
107 MILLENNIUM 3.36
108 TPSA 19.80
109 ZEG 9.40
110 ROLIMPEX 15.50
111 06MAGNA 5.75
112 GRAJEWO 200.00
113 BZWBK 97.00
114 SUWARY 23.70
115 RELPOL 83.00
116 FORTISPL 71.00
117 POLIGR 23.00
118 BRE 114.00
119 CENSTALGD 2.65
120 AMICA 33.70
121 PEPEES 46.20
122 INTERIA.PL 10.05
123 TONSIL 0.55
124 COMPLAND 111.00
125 FARMACOL 28.80
126 ROPCZYCE 17.35
127 JELFA 56.00
128 ECHO 81.40
129 DBPBC 1.57
130 KGHM 31.30
131 KRUSZWICA 35.00
132 INSTAL 1.05
133 12PIAST 0.89
134 BUDIMEX 42.10
135 LENTEX 26.60
136 OPTIMUS 9.10
137 UNIMIL 46.70
138 HANDLOWY 64.10
139 KREDYTB 9.45
140 INGBSK 389.00
141 NETIA 4.46
142 AGORA 56.80
143 CSS 18.70
144 ENERGOPN 8.30
145 ZYWIEC 452.00
146 SOFTBANK 27.90
147 ENERGOPOL 3.29
148 14ZACH 3.85
149 WISTIL 228.00
150 ELZAB 13.20
151 GROCLIN 102.00
152 DZPOLSKA 12.15
153 EFL 54.20
154 KETY 131.00
155 LPP 531.50
156 IRENA 13.30
157 BEDZIN 35.60
158 SNIEZKA 27.10
159 NORDEABP 19.15
160 TALEX 17.80
161 EMAX 105.00
162 WARTA 210.50
163 IGROUP 1.52
164 BOS 48.30
165 POLIFARBC 7.40
166 WILBO 2.60
167 ORFE 19.00
168 ORBIS 24.80
169 MUZA 5.20
170 PROJPRZEM 8.45
171 HOGA.PL 2.80
172 MASTERS 1.40
173 PROKOM 147.00
174 KOPEX 42.80
175 POLNORD 10.50
176 DEBICA 98.50
177 ELMONTWAR 0.81
178 NFIEMF 6.55
179 SWIECIE 58.00
180 PROSPER 11.50
181 08OCTAVA 7.30
182 KOMPAP 3.21
183 BICK 1.15
184 IBSYSTEM 1.11
185 STRZELEC 1.18
186 REDAN 12.10
187 MOSTALWAR 7.25
188 GANT 1.05
189 IMPEL 14.70
190 HOOP 10.10
191 POZMEAT 2.00
192 STERPRO 6.90
193 PEKABEX 0.30
194 TRASTYCHY 3.06
