1 ALCHEMIA 152.00
2 GANT 27.40
3 SKOTAN 99.90
4 CAPITAL 42.00
5 BUDOPOL 4.00
6 PROCHNIK 1.61
7 LUBAWA 38.40
8 BAUMA 38.90
9 CCC 31.20
10 ATM 68.00
11 TUP 11.70
12 KOELNER 31.00
13 ENAP 0.91
14 IVAXCORP 105.00
15 GRAJEWO 35.50
16 GETIN 6.30
17 KGHM 62.50
18 ENERGOPOL 6.80
19 BETACOM 28.80
20 APATOR 188.00
21 04PRO 15.00
22 SIMPLE 6.20
23 ELEKTROEX 1.88
24 TVN 78.00
25 ELMONTWAR 1.60
26 JUTRZENKA 86.70
27 PEPEES 90.00
28 INSTAL 2.02
29 ECHO 156.00
30 MOSTALZAB 1.54
31 POLIMEXMS 62.30
32 INTERIA.PL 18.60
33 PROJPRZEM 14.85
34 TUEUROPA 62.50
35 SANWIL 0.81
36 PBG 84.40
37 09KWIAT 22.50
38 BEST 13.70
39 FORTISPL 124.00
40 02NFI 10.35
41 MNI 7.05
42 PKNORLEN 62.70
43 MILLENNIUM 5.25
44 RMFFM 113.50
45 KRUK 35.00
46 KOGENERA 45.00
47 12PIAST 1.48
48 ELSTAROIL 70.00
49 IGROUP 2.50
50 07NFI 3.52
51 GTC 173.00
52 WAWEL 168.00
53 ELZAB 18.00
54 ALPRAS 13.65
55 BANKBPH 750.50
56 RAFAKO 19.85
57 ENERGOPLD 32.20
58 HOGA.PL 4.25
59 INGBSK 564.00
60 REMAK 15.10
61 BZWBK 141.50
62 BOS 72.00
63 KREDYTB 14.10
64 ARTMAN 13.50
65 BRE 169.00
66 PUE 75.10
67 KOPEX 61.00
68 ROPCZYCE 24.90
69 PROCHEM 29.80
70 LPP 760.00
71 14ZACH 5.50
72 ENERGOPN 11.85
73 ELBUDOWA 36.80
74 ARKSTEEL 3.10
75 TIM 10.20
76 SOFTBANK 39.00
77 IMPEXMET 70.00
78 MOL 296.00
79 FARMACOL 40.00
80 JELFA 75.40
81 ASSECOPOL 146.50
82 BMPAG 9.00
83 HOOP 13.65
84 ORBIS 33.00
85 PEKAO 174.50
86 POLNORD 13.90
87 BACA 350.50
88 GRUPAONET 73.50
89 NETIA 5.70
90 PEMUG 6.70
91 08OCTAVA 9.40
92 MOSTALPLC 16.95
93 ZREW 132.00
94 ODLEWNIE 5.00
95 JCAUTO 37.60
96 HYDROTOR 23.70
97 HANDLOWY 66.50
98 MOSTALWAR 8.95
99 AGORA 69.00
100 VISTULA 37.90
101 ABG 8.35
102 MCI 2.70
103 TPSA 23.40
104 CERSANIT 14.00
105 KOMPAP 3.83
106 PRATERM 24.30
107 PPWK 6.40
108 BORYSZEW 23.40
109 CENSTALGD 3.07
110 SUWARY 27.40
111 BCHEM 35.30
112 FORTE 13.80
113 BYTOM 13.40
114 ZYWIEC 484.50
115 HUTMEN 19.90
116 NORDEABP 21.50
117 FAM 13.50
118 PKOBP 29.00
119 06MAGNA 6.20
120 ORFE 20.40
121 PGF 60.70
122 STALPROD 78.00
123 MOSTALEXP 1.47
124 MPECWRO 9.85
125 TORFARM 43.00
126 NFIEMF 6.80
127 PEKAES 8.40
128 ZEG 9.55
129 SNIEZKA 27.00
130 AMPLI 4.08
131 MENNICA 68.00
132 KETY 125.50
133 IMPEL 14.55
134 MILMET 13.55
135 WARTA 205.00
136 WOLCZANKA 33.00
137 PERMEDIA 27.50
138 PROVIMROL 14.90
139 ALMA 23.70
140 INSTALKRK 5.35
141 ATMGRUPA 46.00
142 SWIECIE 51.00
143 SANOK 133.00
144 EMAX 98.80
145 MEDIATEL 24.00
146 PROKOM 138.00
147 EFEKT 13.05
148 FON 0.92
149 INDYKPOL 60.00
150 EKODROB 4.80
151 NAFTA 5.25
152 DGA 27.50
153 DZPOLSKA 11.10
154 BUDIMEX 38.50
155 WSIP 8.55
156 DWORY 35.50
157 PAGED 16.15
158 COMARCH 64.10
159 SWISSMED 2.86
160 SOKOLOW 5.20
161 LDASA 0.21
162 MIESZKO 2.88
163 FERRUM 7.65
164 BEEFSAN 2.59
165 CSS 15.50
166 ATLANTIS 0.82
167 STALPROFI 9.90
168 MACROSOFT 21.70
169 COMPLAND 93.00
170 05VICT 7.45
171 PROSPER 9.55
172 7BULLS 2.64
173 TRASINTUR 2.46
174 KRUSZWICA 26.10
175 HYGIENIKA 5.65
176 DUDA 10.90
177 MASTERS 1.11
178 FASING 6.05
179 KROSNO 8.00
180 ELDORADO 30.80
181 MUZA 3.98
182 POLNA 7.90
183 IBSYSTEM 0.83
184 EUROFAKTR 13.85
185 WILBO 1.91
186 OPTIMUS 6.65
187 BEDZIN 24.60
188 PONARFEH 18.20
189 IRENA 9.65
190 DEBICA 65.00
191 NOVITA 8.60
192 TALEX 12.45
193 RELPOL 53.90
194 STRZELEC 0.80
195 WANDALEX 3.79
196 UNIMIL 30.30
197 SWARZEDZ 0.88
198 POLCOLOR 2.52
199 POLLENAE 9.45
200 INTERCARS 23.80
201 HYDROBUD 34.50
202 TECHMEX 15.00
203 ELKOP 5.00
204 GROCLIN 64.00
205 LZPS 12.10
206 AMICA 20.70
207 STALEXP 1.64
208 13FORTUNA 3.72
209 JUPITER 2.59
210 WISTIL 136.00
211 SPIN 31.30
212 10FOKSAL 3.88
213 KABLE 19.50
214 NOWAGALA 4.10
215 DROZAPOL 2.44
216 LENTEX 13.50
217 ELEKTRIM 3.15
218 PLASTBOX 11.70
219 REDAN 4.50
220 01NFI 3.32
