1 MASTERS 0.27
2 ENERGOPOL 59.05
3 POLNORD 81.00
4 PONARFEH 140.70
5 MIDAS 32.40
6 STALPROD 540.00
7 LENTEX 48.00
8 12PIAST 2.15
9 7BULLS 16.00
10 CENSTALGD 17.23
11 14ZACH 5.96
12 ENERGOPLD 17.02
13 NAFTA 27.70
14 MOSTALWAR 41.00
15 ELKOP 25.77
16 ULMA 199.50
17 KOPEX 31.02
18 SKOTAN 20.50
19 INSTALKRK 26.38
20 GANT 45.95
21 FERRUM 35.50
22 NOVITA 38.60
23 PEMUG 30.03
24 MEDIATEL 20.75
25 07NFI 15.01
26 ELMONTWAR 6.75
27 IGROUP 10.30
28 IDMSAPL 71.20
29 ALMA 95.00
30 LDASA 0.84
31 PUE 294.40
32 KRUK 135.00
33 SUWARY 99.95
34 ZEG 36.30
35 DROZAPOL 9.00
36 HUTMEN 28.78
37 POLNA 28.00
38 KABLE 67.20
39 HYDROBUD 118.50
40 INTERIA.PL 63.50
41 LZPS 4.05
42 SWISSMED 3.37
43 DZPOLSKA 35.00
44 08OCTAVA 29.33
45 KRUSZWICA 75.40
46 ATMGRUPA 137.90
47 FAM 15.70
48 PBG 256.90
49 MCI 8.15
50 ELBUDOWA 107.00
51 COMARCH 191.00
52 MOSTALZAB 4.11
53 AMPLI 11.70
54 ELDORADO 87.00
55 ELZAB 45.00
56 MNI 5.94
57 PROJPRZEM 39.00
58 ARTMAN 36.90
59 ZREW 357.00
60 PPWK 16.30
61 TETA 23.97
62 TRAVELPL 50.00
63 INSTAL 5.30
64 ATM 173.80
65 ZELMER 57.00
66 CERSANIT 36.60
67 SPRAY 31.80
68 YAWAL 34.50
69 EFEKT 31.90
70 IMPEXMET 172.00
71 POLIMEXMS 152.00
72 PROCHEM 70.00
73 BIOTON 2.18
74 MOSTALPLC 40.95
75 TIM 24.08
76 VISTULA 90.00
77 ENERGOPN 24.00
78 FASING 14.25
79 WANDALEX 8.82
80 GTC 40.20
81 BEST 31.70
82 ZTSERG 12.80
83 ASSECOPOL 330.00
84 ECHO 88.50
85 ELEKTRIM 7.03
86 DUDA 13.35
87 BYTOM 20.20
88 DWORY 78.20
89 SWIECIE 104.00
90 02NFI 5.70
91 ALCHEMIA 66.95
92 STALEXP 3.51
93 ELSTAROIL 14.95
94 MCLOGIC 46.25
95 GETIN 12.65
96 ATLANTIS 1.70
97 WILBO 3.94
98 PROSPER 18.89
99 STRZELEC 1.61
100 PLASTBOX 23.50
101 AMREST 74.10
102 HYDROTOR 46.50
103 BRE 336.00
104 NFIEMF 13.45
105 RAFAKO 39.25
106 MOSTALEXP 2.89
107 RELPOL 101.00
108 PCGUARD 36.90
109 BUDIMEX 75.00
110 ODLEWNIE 9.67
111 UNIMIL 5.84
112 ORBIS 63.10
113 JUPITER 3.18
114 HOOP 25.65
115 BARLINEK 16.45
116 PRATERM 45.90
117 PERMEDIA 48.70
118 POLLENAE 17.70
119 ENAP 1.70
120 CIECH 64.40
121 INTERCARS 43.60
122 DECORA 50.45
123 ARKSTEEL 5.60
124 INDYKPOL 106.30
125 10FOKSAL 6.85
126 KOELNER 53.00
127 CSS 26.50
128 FON 0.99
129 PEP 15.25
130 STALPROFI 16.20
131 ELEKTROEX 3.14
132 MUZA 6.64
133 PEKAES 14.00
134 MILLENNIUM 7.95
135 GRAAL 37.80
136 PKOBP 47.00
137 BZWBK 225.00
138 KETY 200.00
139 LUBAWA 2.08
140 CCC 50.00
141 KOMPAP 6.27
142 GRAJEWO 56.00
143 BEDZIN 37.80
144 APATOR 22.08
145 PAGED 25.50
146 BUDOPOL 3.96
147 TVN 24.90
148 SANOK 205.00
149 06MAGNA 9.76
150 TORFARM 67.00
151 EUROCASH 7.81
152 TECHMEX 23.56
153 IMPEL 21.88
154 WAWEL 263.10
155 KGHM 89.00
156 NOVITUS 23.50
157 TUEUROPA 96.95
158 04PRO 5.79
159 TRASINTUR 3.45
160 PROVIMROL 22.59
161 HOGA.PL 6.40
162 CAPITAL 6.96
163 SNIEZKA 39.00
164 KREDYTB 20.09
165 AMBRA 15.50
166 INGBSK 768.00
167 TELL 73.20
168 SRUBEX 38.50
169 EMCINSMED 15.69
170 AMICA 29.00
171 BACA 478.90
172 HYGIENIKA 3.08
173 TOORA 24.80
174 REMAK 21.00
175 HANDLOWY 86.80
176 ROPCZYCE 33.78
177 PGF 79.50
178 PEKAO 226.90
179 WSIP 11.52
180 BCHEM 46.20
181 IBSYSTEM 0.80
182 SOFTBANK 50.20
183 BANKBPH 926.50
184 IRENA 12.48
185 LENA 10.58
186 POLMOSLBN 51.20
187 SIMPLE 7.90
188 DEBICA 77.40
189 KOGENERA 55.80
190 RMFFM 140.80
191 BOS 90.00
192 BEEFSAN 3.20
193 MIESZKO 3.52
194 MENNICA 80.00
195 PEPEES 108.50
196 VARIANT 16.20
197 NOWAGALA 4.86
198 POLMOSBIA 94.10
199 EMAX 115.00
200 JUTRZENKA 97.90
201 MOL 329.00
202 REDAN 5.05
203 LOTOS 49.30
204 COMPLAND 102.70
205 OPOCZNO 40.20
206 TPSA 24.55
207 PULAWY 57.60
208 FARMACOL 43.50
209 TALEX 13.37
210 PGNIG 3.60
211 ZYWIEC 490.00
212 SWARZEDZ 0.81
213 WISTIL 145.00
214 BMPAG 9.32
215 NORDEABP 22.26
216 COMP 76.50
217 SANWIL 0.82
218 ZETKAMA 16.70
219 PROKOM 136.40
220 EKODROB 4.80
221 BORYSZEW 22.98
222 LPP 740.00
223 ATLANTAPL 17.00
224 FORTISPL 118.70
225 TUP 10.60
226 SPIN 28.50
227 NETIA 5.05
228 EUROFAKTR 11.36
229 POLCOLOR 2.18
230 JAGO 2.57
231 ABG 7.10
232 FORTE 11.55
233 POLICE 6.78
234 DGA 22.24
235 PKNORLEN 47.70
236 SKYEUROPE 10.65
237 GROCLIN 47.50
238 KROSNO 5.48
239 01NFI 2.18
240 OPTIMUS 4.34
241 BETACOM 18.20
242 13FORTUNA 2.40
243 JCAUTO 20.50
244 AGORA 36.50
245 PROCHNIK 0.86
246 05VICT 2.16
