1 FON 0.55
2 ELKOP 4.83
3 LPP 2668.50
4 PCGUARD 0.11
5 INTERCARS 123.80
6 LZPS 11.00
7 HYGIENIKA 4.57
8 BYTOM 3.72
9 SANWIL 0.31
10 POLICE 16.85
11 PEP 37.00
12 MOSTALPLC 94.10
13 ENAP 2.42
14 KRUK 28.00
15 POLNA 23.00
16 MCI 18.55
17 NAFTA 63.00
18 KOMPAP 8.86
19 ZURAWIE 19.34
20 PULAWY 117.00
21 IDMSA 14.46
22 MOSTALZAB 8.00
23 PONARFEH 9.75
24 CIECH 121.00
25 EMPERIA 163.00
26 ELBUDOWA 200.00
27 ASTARTA 32.00
28 FORTISPL 221.70
29 ATMGRUPA 250.00
30 MENNICA 143.90
31 AMREST 134.00
32 ROPCZYCE 61.00
33 ACTION 33.15
34 YAWAL 52.00
35 JAGO 3.21
36 POLNORD 141.90
37 OPTIMUS 2.95
38 CCIINT 35.00
39 IMPEXMET 9.20
40 BEST 52.35
41 TECHMEX 38.90
42 CEDC 146.00
43 ARTMAN 60.00
44 TUP 16.99
45 ULMA 320.00
46 TELL 116.00
47 AGORA 55.50
48 EUROCASH 12.00
49 KOPEX 48.60
50 ABPL 26.70
51 HOOP 38.50
52 SIMPLE 11.97
53 BRE 505.00
54 QUMAKSEK 14.03
55 MILLENNIUM 11.63
56 ASSECOPOL 73.50
57 POLIMEXMS 8.56
58 WSIP 15.71
59 PGNIG 5.10
60 INTERSPPL 12.45
61 FASING 20.70
62 MOSTALEXP 4.18
63 PLASTBOX 16.40
64 JUTRZENKA 140.00
65 JCAUTO 29.00
66 NFIEMF 19.00
67 NOWAGALA 5.50
68 STALPROD 750.00
69 ZYWIEC 640.00
70 CEZ 183.00
71 DEBICA 105.20
72 KGHM 105.80
73 DZPOLSKA 47.90
74 ALMA 130.00
75 GANT 61.90
76 TUEUROPA 130.00
77 BBICAPNFI 8.10
78 VISTULA 11.98
79 ZPUE 390.00
80 FAM 7.72
81 ZTSERG 8.85
82 MOSTALWAR 53.00
83 SRUBEX 48.82
84 ELZAB 53.50
85 BUDIMEX 92.00
86 SNIEZKA 47.00
87 MCLOGIC 56.00
88 ZEG 43.80
89 PBG 307.10
90 OPOCZNO 48.00
91 HANDLOWY 99.90
92 PAGED 30.00
93 KREDYTB 23.50
94 RELPOL 15.80
95 01NFI 2.55
96 STALPROFI 18.80
97 NORDEABP 26.00
98 INSTAL 6.19
99 FAMUR 4.38
100 GETIN 14.70
101 PERMEDIA 55.00
102 PGF 89.10
103 13FORTUNA 2.74
104 PKOBP 52.60
105 ZELMER 63.00
106 BZWBK 251.00
107 JUPITER 3.61
108 SPRAY 35.90
109 MOL 360.00
110 SYNTHOS 1.30
111 APATOR 24.00
112 KOGENERA 60.00
113 GTC 44.50
114 ORBIS 69.50
115 EMCINSMED 17.35
116 ELEKTRIM 7.76
117 ASSECOSLO 440.00
118 ZETKAMA 18.35
119 PRATERM 50.10
120 PKNORLEN 51.90
121 TALEX 14.42
122 ERGIS 5.45
123 INDYKPOL 114.50
124 BACA 500.00
125 04PRO 6.18
126 MUZA 7.05
127 REMAK 22.22
128 BANKIER.PL 11.00
129 PROCHNIK 0.91
130 MASTERS 0.21
131 PEGAS 102.90
132 05VICT 2.27
133 WAWEL 276.00
134 HYDROTOR 47.88
135 INTERIA.PL 65.95
136 TIM 25.00
137 IBSYSTEM 0.83
138 PEKAO 227.00
139 TORFARM 68.00
140 PAMAPOL 23.40
141 TVN 25.00
142 BBIDEVNFI 1.25
143 PROJPRZEM 39.00
144 NORTCOAST 3.42
145 COMP 76.00
146 RAFAKO 11.12
147 ABG 6.90
148 PROKOM 132.70
149 BEEFSAN 3.13
150 TPSA 22.51
151 INGBSK 725.00
152 CASHFLOW 8.50
153 FARMACOL 42.20
154 NOVITUS 22.80
155 NETMEDIA 9.00
156 IRENA 12.00
157 POLLENAE 16.99
158 GRAJEWO 53.00
159 KROSNO 3.63
160 BOS 85.95
161 COMARCH 182.00
162 BUDOPOL 3.73
163 PEPEES 1.02
164 BETACOM 16.60
165 GRAAL 35.28
166 WISTIL 135.00
167 DGA 5.98
168 ATLANTIS 1.57
169 VARIANT 13.65
170 SANOK 185.00
171 CERSANIT 33.50
172 CCC 45.00
173 LOTOS 44.50
174 TRITON 9.15
175 ECHO 79.70
176 BAKALLAND 7.10
177 EFEKT 28.19
178 MISPOL 15.44
179 PROSPER 16.50
180 CAPITAL 6.20
181 PEKAES 12.40
182 BEDZIN 31.80
183 STORMM 5.93
184 MMPPL 10.40
185 TETA 19.90
186 INSTALKRK 21.49
187 KETY 160.00
188 SWARZEDZ 0.52
189 FOTA 27.72
190 BMPAG 7.52
191 BBIZENNFI 5.49
192 STALEXP 2.80
193 ENERGOPOL 10.85
194 NOVITA 30.30
195 POLCOLOR 0.93
196 BARLINEK 12.70
197 IMPEL 16.65
198 WILBO 3.01
199 ECARD 1.33
200 KREZUS 4.30
201 NETIA 3.80
202 WASKO 4.73
203 IGROUP 7.64
204 TRAVELPL 36.00
205 LDASA 0.60
206 MIESZKO 2.50
207 MNI 4.19
208 PROCHEM 47.99
209 HYPERION 6.00
210 LENTEX 32.99
211 SWIECIE 67.90
212 KABLE 46.00
213 DECORA 34.00
214 AMBRA 10.15
215 WANDALEX 5.80
216 DOMDEV 99.00
217 ENERGOPLD 3.19
218 AMICA 18.89
219 TRASINTUR 2.03
220 KOELNER 33.00
221 EUROFAKTR 6.98
222 ODLEWNIE 5.90
223 ALCHEMIA 10.89
224 SKYEUROPE 6.38
225 FORTE 6.70
226 KRUSZWICA 42.05
227 DROZAPOL 5.12
228 REDAN 2.85
229 PEMUG 2.65
230 ENERGOPN 13.48
231 DUDA 7.50
232 GINOROSSI 10.80
233 MIDAS 17.77
234 INTERFERI 5.18
235 SWISSMED 1.78
236 GROCLIN 25.05
237 SFINKS 26.20
238 BORYSZEW 11.92
239 ADVADIS 0.70
240 FERRUM 9.80
241 ELSTAROIL 7.50
242 SUWARY 49.90
243 LUBAWA 1.02
244 UNIMA 7.35
245 LENA 5.10
246 INWESTCON 7.30
247 MEDIATEL 9.87
248 EUROMARK 9.53
249 14ZACH 2.63
250 06MAGNA 3.33
251 BIOTON 0.89
252 ATLANTAPL 6.80
253 ATM 64.10
254 PPWK 3.82
255 ONE2ONE 5.25
256 AMPLI 4.34
257 SYGNITY 35.11
258 POINTGROUP 1.85
259 CENSTALGD 5.70
260 HTLSTREFA 6.40
261 HUTMEN 8.30
262 SKOTAN 5.80
263 08OCTAVA 3.89
264 BANKBPH 104.00
265 TOORA 1.46
