1 ARTMAN 92.00
2 INTEGERPL 16.38
3 HTLSTREFA 7.45
4 HOOP 42.95
5 MEDIATEL 11.00
6 TUEUROPA 135.80
7 KRUSZWICA 44.27
8 MUZA 7.53
9 BEDZIN 31.88
10 DZPOLSKA 49.99
11 POINTGROUP 1.93
12 TALEX 13.95
13 BBIZENNFI 1.39
14 GADUGADU 23.20
15 SRUBEX 48.90
16 TRAVELPL 34.90
17 REDAN 2.76
18 WSIP 13.75
19 MOSTALWAR 49.20
20 EMCINSMED 16.00
21 KREDYTIN 13.10
22 TPSA 19.20
23 GFPREMIUM 15.40
24 ATLANTIS 1.42
25 BOS 77.50
26 KOGENERA 52.05
27 OPONEO 7.44
28 ENERGOPLD 2.65
29 BEST 45.15
30 MENNICA 119.50
31 EUROCASH 10.00
32 CITYINTER 7.45
33 ZEG 36.00
34 BANKIER.PL 8.98
35 CCC 36.50
36 INTERFERI 4.18
37 ARMATURA 1.63
38 PEMUG 2.10
39 ELBUDOWA 156.00
40 HELIO 5.50
41 PEKAES 8.99
42 ZYWIEC 468.40
43 KOMPAP 6.75
44 QUMAKSEK 10.50
45 PLASTBOX 12.40
46 NETMEDIA 6.80
47 RADPOL 5.95
48 PGNIG 3.60
49 ALCHEMIA 8.00
50 FORTE 4.91
51 LUBAWA 0.74
52 SYGNITY 25.40
53 NORDEABP 18.61
54 REMAK 15.69
55 HBPOLSKA 6.19
56 CEZ 124.00
57 PKOBP 35.50
58 MMPPL 6.80
59 FARMACOL 28.30
60 STALEXP 1.87
61 POLLENAE 11.34
62 BAKALLAND 4.70
63 ASSECOPOL 47.40
64 WAWEL 170.00
65 SUWARY 32.00
66 PBG 196.00
67 ESSYSTEM 4.96
68 HYDROTOR 28.92
69 FORTISPL 140.80
70 NETIA 2.40
71 TORFARM 41.70
72 MOSTALPLC 55.55
73 INGBSK 430.00
74 SIMPLE 7.18
75 MIESZKO 1.48
76 TERESA 16.00
77 ENERGOPN 7.91
78 JAGO 1.88
79 SWIECIE 39.70
80 EUROFAKTR 4.08
81 PEKAO 126.20
82 INSTALKRK 12.34
83 FERRUM 5.67
84 NOVITUS 13.08
85 SNIEZKA 25.74
86 PRIMAMODA 4.20
87 BUDIMEX 51.10
88 TVN 13.46
89 TETA 9.45
90 RAFAMET 12.80
91 PANOVA 22.99
92 PEP 19.80
93 PROCAD 1.40
94 ATM 3.95
95 PROCHNIK 0.48
96 PKNORLEN 25.73
97 MNI 2.17
98 ZETKAMA 9.50
99 06MAGNA 1.72
100 ENAP 1.25
101 NFIEMF 9.80
102 ONE2ONE 2.69
103 BETACOM 8.15
104 HANDLOWY 48.00
105 ECARD 0.68
106 INWESTCON 1.06
107 COMP 38.60
108 08OCTAVA 1.95
109 ELSTAROIL 3.75
110 KREDYTB 11.33
111 PULAWY 53.20
112 ADVADIS 0.34
113 NOWAGALA 2.56
114 WASKO 2.19
115 ORBIS 32.55
116 INSTAL 2.39
117 WILBO 1.40
118 MERCOR 22.50
119 13FORTUNA 1.26
120 MAKARONPL 2.29
121 UNIMA 3.34
122 NOVITA 13.75
123 IMPEL 7.50
124 BZWBK 110.80
125 ELZAB 2.40
126 HYPERION 2.69
127 MOL 154.00
128 MOSTALEXP 1.86
129 FASING 9.20
130 B3SYSTEM 1.62
131 MOJ 1.75
132 CCIINT 15.40
133 WANDALEX 2.45
134 CENSTALGD 2.48
135 LPP 1140.00
136 CPENERGIA 3.33
137 LSISOFT 4.80
138 ELEKTROTI 7.93
139 01NFI 1.07
140 ZASTAL 0.98
141 SFINKS 10.80
142 CERSANIT 13.78
143 ABMSOLID 10.00
144 JUPITER 1.48
145 ZELMER 24.50
146 APATOR 9.50
147 NTTSYSTEM 1.00
148 STALPROD 295.10
149 QUANTUM 8.20
150 ATMGRUPA 4.90
151 EFEKT 11.00
152 SWISSMED 0.71
153 AMICA 7.52
154 KETY 60.00
155 KRAKCHEM 1.57
156 EUROTEL 9.06
157 05VICT 0.90
158 CEDC 57.50
159 COMPLEX 1.29
160 POLREST 7.74
161 KABLE 17.95
162 BRE 196.50
163 NAFTA 24.50
164 UNICREDIT 7.16
165 BMPAG 2.68
166 04PRO 2.37
167 TUP 6.38
168 14ZACH 1.00
169 RAINBOW 2.95
170 MOSTALZAB 3.00
171 ASSECOSLO 13.15
172 BYTOM 1.22
173 BOMI 10.40
174 DEBICA 37.90
175 SECOGROUP 17.00
176 OPTIMUS 1.09
177 ARTERIA 6.89
178 KERNEL 12.30
179 STALPROFI 6.65
180 PEGAS 35.00
181 PROCHEM 17.00
182 ZURAWIE 1.36
183 AMREST 48.00
184 POLIMEXMS 3.05
185 PROJPRZEM 13.50
186 DROZAPOL 1.67
187 CASHFLOW 2.98
188 POLNA 8.03
189 INTERSPPL 4.30
190 BBICAPNFI 2.79
191 ASSECOBS 4.30
192 ASTARTA 11.00
193 GTC 15.18
194 AMPLI 1.47
195 BANKBPH 35.20
196 SYNTHOS 0.44
197 ATLANTAPL 2.30
198 GETIN 4.97
199 RESBUD 10.10
200 BUDOPOL 0.91
201 COMARCH 61.00
202 WISTIL 45.00
203 ORZEL 0.07
204 MAKRUM 2.25
205 ENERGOPOL 3.52
206 PROSPER 5.35
207 EMPERIA 51.45
208 MIDAS 5.59
209 SANOK 5.25
210 DGA 1.71
211 NORTCOAST 1.00
212 LENTEX 10.20
213 VARIANT 3.96
214 PGF 27.33
215 PEPEES 0.31
216 TELL 7.00
217 IBSYSTEM 0.25
218 IZOLACJA 12.90
219 ZPUE 116.90
220 AGORA 16.20
221 ORZBIALY 6.78
222 KGHM 28.12
223 YAWAL 15.00
224 FAM 2.25
225 POLICE 4.84
226 RUCH 6.50
227 MASTERS 0.06
228 FOTA 7.80
229 TIM 7.00
230 DECORA 9.38
231 KOMPUTRON 10.60
232 KREZUS 1.20
233 KOLASTYNA 0.79
234 GINOROSSI 2.96
235 ERGIS 1.49
236 LENA 1.37
237 SEKO 5.15
238 ECHO 2.15
239 SWARZEDZ 0.14
240 LOTOS 11.95
241 ERBUD 23.99
242 MCLOGIC 14.50
243 IVMX 8.61
244 MWTRADE 2.16
245 RAFAKO 2.90
246 BBIDEVNFI 0.32
247 JUTRZENKA 1.79
248 PLAZACNTR 2.64
249 NOBLEBANK 3.19
250 MILLENNIUM 2.88
251 ODLEWNIE 1.49
252 ELKOP 0.01
253 WOLAINFO 3.66
254 RELPOL 3.93
255 CAPITAL 1.54
256 KOELNER 8.19
257 IRENA 2.89
258 FAMUR 1.05
259 TRION 0.48
260 HYGIENIKA 1.08
261 ZNTKLAPY 27.00
262 MONNARI 7.51
263 BIOTON 0.20
264 GRAAL 7.90
265 SPRAY 8.00
266 POLAQUA 17.36
267 ACTION 7.20
268 MAGELLAN 9.20
269 INTERCARS 26.75
270 WARIMPEX 5.19
271 DOMDEV 20.50
272 KOPEX 10.30
273 ERG 0.37
274 TECHMEX 8.10
275 TRITON 1.89
276 POLNORD 29.29
277 BARLINEK 1.91
278 LZPS 2.23
279 INDYKPOL 23.18
280 CIECH 23.52
281 ENERGOINS 3.89
282 BUDVARCEN 2.26
283 PONARFEH 1.90
284 MISPOL 2.99
285 ASBIS 1.68
286 LCCORP 0.58
287 PPWK 0.73
288 FON 0.01
289 STAPORKOW 9.20
290 VISTULA 2.16
291 KRUK 5.01
292 HUTMEN 1.47
293 BORYSZEW 2.10
294 OLYMPIC 2.30
295 MCI 3.18
296 GANT 10.42
297 ALMA 21.50
298 IMPEXMET 1.43
299 KPPD 13.20
300 SANWIL 0.05
301 PAGED 4.84
302 POLCOLORIT 0.15
303 IGROUP 1.23
304 DUDA 1.20
305 ACE 1.76
306 KAREN 0.41
307 AMBRA 1.57
308 GRAJEWO 6.78
309 SKYEUROPE 0.92
310 STORMM 0.85
311 SKOTAN 0.82
312 ULMA 43.85
313 HAWE 1.16
314 PERMEDIA 6.99
315 REINHOLD 3.99
316 ABPL 3.50
317 PAMAPOL 3.04
318 ROPCZYCE 7.79
319 IDMSA 1.06
320 PETROLINV 40.02
321 KROSNO 0.44
322 SILVANO 1.99
323 GROCLIN 2.93
324 RONSON 0.55
325 EUROMARK 1.06
326 PRONOX 1.93
327 TFONE 1.94
328 BEEFSAN 0.31
329 JWCONSTR 4.02
330 ORCOGROUP 26.17
331 PCGUARD 0.01
332 MEWA 0.01
333 IMMOEAST 1.92
