1 CITYINTER 24.71
2 BORYSZEW 2.00
3 EKOEXPORT 8.00
4 MWTRADE 16.83
5 BEEFSAN 1.52
6 MONNARI 3.54
7 SILVANO 10.83
8 EUROMARK 5.40
9 SYNTHOS 3.07
10 ODLEWNIE 2.80
11 K2INTERNT 22.49
12 AMICA 44.50
13 REDAN 6.30
14 REMAK 58.20
15 OPTIMUS 3.10
16 ASTARTA 91.90
17 HELIO 23.88
18 OPONEO.PL 13.89
19 AZOTYTARNOW 32.68
20 OLYMPIC 5.90
21 IPOPEMA 16.90
22 SKYLINE 6.87
23 SIMPLE 12.00
24 WASKO 2.78
25 GINOROSSI 4.41
26 ABMSOLID 15.01
27 STALPROFI 23.80
28 ABPL 26.50
29 CASHFLOW 4.05
30 KOLASTYNA 1.04
31 ALMA 47.39
32 INTEGERPL 79.70
33 PERMEDIA 16.25
34 KAREN 0.79
35 KERNEL 74.50
36 UNIBEP 9.82
37 IMPEXMET 4.35
38 BEDZIN 46.00
39 WAWEL 425.00
40 NEWWORLDR 44.40
41 PRAGMAINK 23.00
42 KREZUS 2.50
43 RAINBOW 8.43
44 EUROCASH 26.01
45 ORZBIALY 23.60
46 TRITON 5.98
47 KGHM 173.00
48 TUEUROPA 210.00
49 WOJAS 6.50
50 MCI 8.60
51 RADPOL 9.77
52 ENERGOPOL 9.72
53 CCIINT 45.10
54 ZASTAL 3.93
55 MIRBUD 4.35
56 KOMPAP 8.19
57 SUWARY 71.10
58 BUMECH 14.50
59 MISPOL 7.32
60 INTROL 6.80
61 PROCHNIK 0.70
62 SEKO 13.99
63 ASSECOBS 12.93
64 BOGDANKA 110.00
65 BAKALLAND 6.35
66 KRAKCHEM 4.69
67 LUBAWA 1.35
68 RUBICON 1.04
69 PCGUARD 2.82
70 SECOGROUP 28.90
71 PRIMAMODA 5.93
72 CENTKLIMA 16.50
73 MAKARONPL 8.15
74 AMBRA 8.86
75 POLICE 7.50
76 SOBIESKI 216.80
77 PROTEKTOR 5.05
78 BBIZENNFI 1.08
79 CORMAY 6.02
80 BYTOM 1.15
81 CALATRAVA 0.38
82 PGF 54.40
83 BUDIMEX 99.50
84 WADEX 11.65
85 PTI 12.00
86 NFIEMF 20.75
87 KOGENERA 109.90
88 NOVITUS 28.72
89 ENERGOINS 8.96
90 RELPOL 5.73
91 CCC 68.00
92 SANOK 14.00
93 HANDLOWY 93.50
94 LSISOFT 5.44
95 LPP 2165.00
96 DELKO 13.15
97 IMPEL 28.39
98 NORDEABP 40.10
99 MIESZKO 3.45
100 HAWE 4.01
101 TELL 13.80
102 RAFAKO 13.40
103 SONEL 7.70
104 RUCH 10.60
105 JWCONSTR 15.87
106 PANOVA 30.50
107 PKNORLEN 45.80
108 GFPREMIUM 17.59
109 FOTA 17.43
110 MMPPL 9.41
111 BRE 304.00
112 FASING 22.37
113 DROP 34.40
114 FASTFIN 0.76
115 SKOTAN 2.79
116 EMPERIA 105.40
117 INDYKPOL 65.85
118 QUMAKSEK 15.10
119 GETIN 11.50
120 KONSSTALI 60.35
121 DRAGOWSKI 1.49
122 DUDA 1.64
123 KREC 3.95
124 APLISENS 8.80
125 ESSYSTEM 5.50
126 ALCHEMIA 8.00
127 TIM 11.50
128 POZBUD 6.30
129 AMPLI 3.67
130 CYFRPLSAT 16.50
131 MCLOGIC 40.00
132 ZYWIEC 566.00
133 ERBUD 59.00
134 IDMSA 2.98
135 FAMUR 2.68
136 STAPORKOW 15.53
137 KREDYTB 14.71
138 APATOR 19.20
139 INSTAL 2.40
140 PATENTUS 2.89
141 TVN 17.10
142 PAMAPOL 5.75
143 ATM 11.38
144 BUDOPOL 1.42
145 PULAWY 85.00
146 ACE 9.00
147 ATREM 18.47
148 EUROTEL 16.00
149 PKOBP 43.35
150 QUANTUM 10.51
151 AGORA 26.10
152 INSTALKRK 19.50
153 BUDVARCEN 3.10
154 COMPLEX 2.35
155 KRUSZWICA 67.95
156 BBIDEVNFI 0.46
157 WIELTON 4.89
158 CAMMEDIA 10.95
159 MILLENNIUM 4.90
160 TRANSPOL 8.75
161 ARCUS 7.79
162 KREDYTIN 13.39
163 SELENAFM 18.68
164 BZWBK 214.90
165 ECHO 4.80
166 INGBSK 894.00
167 TALEX 13.00
168 LOTOS 36.35
169 TPSA 16.35
170 MOL 299.40
171 TESGAS 16.40
172 ENEA 23.70
173 POLLENAE 12.99
174 PRONOX 1.30
175 FON 0.61
176 PEKAO 179.00
177 ACTION 17.44
178 PEPEES 0.47
179 ELEKTROTI 13.20
180 SNIEZKA 43.00
181 TERESA 15.24
182 ELZAB 2.84
183 LENTEX 25.56
184 NETMEDIA 7.40
185 EFEKT 15.91
186 ZETKAMA 12.55
187 KETY 127.10
188 ENERGOPN 14.17
189 KPPD 23.74
190 MERCOR 19.39
191 BMPAG 3.40
192 NOWAGALA 3.15
193 ATMGRUPA 3.20
194 PEGAS 73.80
195 NORTCOAST 1.35
196 NEUCA 77.00
197 NAFTA 23.17
198 PROCHEM 25.75
199 WARFAMA 1.72
200 ASSECOSLO 24.90
201 NETIA 5.20
202 ELBUDOWA 166.90
203 FERRUM 13.00
204 WARIMPEX 9.50
205 HYDROTOR 33.30
206 PBG 213.00
207 INTERFERI 5.64
208 SYGNITY 15.09
209 BIPROMET 5.97
210 FARMACOL 40.00
211 IVMX 13.94
212 GROCLIN 13.45
213 SANWIL 0.84
214 DEBICA 65.30
215 BARLINEK 3.74
216 ARMATURA 2.87
217 DECORA 20.50
218 VARIANT 4.39
219 AMREST 85.00
220 HUTMEN 5.00
221 ASBIS 4.20
222 DROZAPOL 1.95
223 RAFAMET 17.70
224 ORCOGROUP 26.90
225 GETINOBLE 5.23
226 ATLASEST 3.26
227 MOSTALWAR 61.15
228 COMP 66.50
229 LENA 2.03
230 POLAQUA 17.75
231 POLIMEXMS 4.00
232 SWIECIE 77.50
233 PEP 33.50
234 TRAVELPL 20.20
235 POLNA 12.20
236 MUZA 7.94
237 WIKANA 0.11
238 ARTERIA 14.29
239 DOMDEV 42.66
240 FORTE 12.29
241 KOELNER 14.20
242 MAGELLAN 37.63
243 TRAKCJA 4.10
244 INTERSPPL 4.90
245 TFONE 6.34
246 POLNORD 33.20
247 ROPCZYCE 16.44
248 PGE 23.19
249 ULMA 83.00
250 PGNIG 3.57
251 ZPUE 125.80
252 DGA 3.86
253 GTC 24.50
254 LCCORP 1.49
255 CEZ 120.60
256 COGNOR 2.40
257 BLACKLION 2.65
258 ENAP 1.48
259 INVESTCON 1.82
260 B3SYSTEM 2.27
261 BOS 76.80
262 ZELMER 35.60
263 GRAAL 11.04
264 NOVITA 24.00
265 JUTRZENKA 3.86
266 WISTIL 24.50
267 NTTSYSTEM 1.07
268 VISTULA 2.11
269 ATLANTAPL 7.39
270 ORBIS 41.00
271 BETACOM 7.50
272 PEKAES 9.17
273 CERSANIT 10.75
274 CENTROZAP 0.44
275 ALTERCO 38.40
276 PAGED 17.89
277 WOLAINFO 3.74
278 ELKOP 0.45
279 INTERCARS 72.00
280 VINDEXUS 5.59
281 CPENERGIA 1.92
282 YAWAL 15.39
283 HBPOLSKA 3.12
284 HYPERION 6.17
285 UNIMA 4.50
286 KOFOLA 34.50
287 MEDIATEL 7.98
288 COMARCH 84.00
289 MENNICA 124.00
290 LSTCAPITA 1.01
291 ASSECOPOL 53.00
292 ENERGOPLD 3.74
293 IZOLACJA 1.60
294 PLASTBOX 15.98
295 FAM 1.86
296 MOSTALPLC 44.89
297 RONSON 1.47
298 BANKBPH 71.00
299 ARCTIC 12.69
300 EFH 1.15
301 KOMPUTRON 8.85
302 HARDEX 33.10
303 ERGIS 3.25
304 CEDC 70.50
305 ZREMB 0.78
306 MOJ 2.53
307 HERMAN 1.01
308 ONE2ONE 5.72
309 CAPITAL 1.70
310 TUP 5.98
311 08OCTAVA 1.99
312 FORTISPL 129.90
313 BBICAPNFI 1.46
314 MNI 3.25
315 REINHOLD 6.05
316 UNICREDIT 6.23
317 MAKRUM 1.96
318 GANT 16.69
319 RESBUD 10.49
320 ATLANTIS 1.46
321 PWRMEDIA 1.20
322 POLCOLORIT 0.34
323 PLAZACNTR 4.90
324 ADVADIS 0.25
325 MOSTALEXP 1.25
326 STALEXP 1.33
327 WILBO 1.95
328 SKOK 4.62
329 JUPITER 1.47
330 KOPEX 18.80
331 PROJPRZEM 10.82
332 06MAGNA 0.80
333 MOSTALZAB 2.80
334 PEMUG 1.28
335 SWISSMED 1.44
336 KCI 1.24
337 HYGIENIKA 1.39
338 IZNS 3.40
339 DREWEX 1.72
340 ASSECOSEE 11.50
341 MIT 1.30
342 PROCAD 2.43
343 EUROFAKTR 4.72
344 ERG 1.04
345 CIECH 24.89
346 POINTGROUP 1.32
347 ECARD 0.44
348 BIOTON 0.15
349 GRAJEWO 10.60
350 GASTELZUR 0.76
351 TRION 0.51
352 WANDALEX 1.82
353 BOMI 7.83
354 MARVIPOL 10.80
355 EMCINSMED 14.45
356 JAGO 1.07
357 DZPOLSKA 15.21
358 MIDAS 4.23
359 SFINKS 5.98
360 ELSTAROIL 4.65
361 ANTI 2.00
362 POLJADLO 1.45
363 STALPROD 276.10
364 MEWA 0.50
365 CHEMOS 0.48
366 BEST 10.98
367 TECHMEX 0.37
368 PETROLINV 5.93
369 IGROUP 0.33
370 IRENA 0.97
371 SWARZEDZ 0.02
372 POLREST 0.26
373 ORZEL 0.18
