1 URSUS 3.46
2 KREZUS 18.40
3 KINOPOL 13.55
4 GRAAL 14.95
5 ENERGOINS 14.50
6 LPP 4550.00
7 GRAJEWO 13.15
8 ZPUE 247.90
9 EMCINSMED 15.95
10 INTERSPPL 2.95
11 KGHM 190.00
12 AVIASG 60.00
13 ERGIS 3.34
14 WISTIL 11.40
15 IMCOMPANY 16.35
16 NFIEMF 16.65
17 MENNICA 22.66
18 APLISENS 14.49
19 WIELTON 4.25
20 AZOTYTARNOW 53.90
21 ASBIS 2.88
22 BEST 24.00
23 PCCEXOL 4.00
24 APATOR 32.63
25 OTMUCHOW 10.70
26 BERLING 6.60
27 EKOEXPORT 14.85
28 GREENECO 1.65
29 PULAWY 137.50
30 RELPOL 8.06
31 LOTOS 41.20
32 SNIEZKA 39.39
33 ZETKAMA 41.38
34 ATM 10.39
35 BENEFIT 230.00
36 AMICA 54.65
37 PROTEKTOR 4.04
38 ZAMET 2.65
39 KREDYTB 16.50
40 OLYMPIC 6.55
41 NTTSYSTEM 0.72
42 MEGARON 33.50
43 BIOTON 0.10
44 WAWEL 798.00
45 FAMUR 4.77
46 PCGUARD 1.91
47 AMBRA 8.09
48 SKOTAN 4.08
49 MERCOR 14.80
50 FASING 26.67
51 INTEGERPL 184.50
52 KRAKCHEM 5.90
53 MCI 6.37
54 CCC 73.00
55 EKO 6.95
56 VOXEL 18.10
57 EDINVEST 4.00
58 ZELMER 39.28
59 STAPORKOW 20.47
60 ODLEWNIE 1.96
61 SANOK 18.15
62 BANKBPH 48.89
63 EUROCASH 43.70
64 SECOGROUP 35.21
65 ECHO 5.05
66 PEP 28.70
67 ROPCZYCE 17.20
68 PZU 437.00
69 YAWAL 5.35
70 AMREST 96.20
71 HANDLOWY 98.30
72 SELENAFM 7.94
73 KOFOLA 27.50
74 LENA 3.00
75 SIMPLE 7.23
76 WADEX 10.78
77 PKNORLEN 49.50
78 PWRMEDIA 1.30
79 MOSTALPLC 21.00
80 KETY 144.90
81 FORTE 12.90
82 INSTALKRK 17.15
83 HYGIENIKA 1.26
84 ROBYG 1.43
85 ENAP 0.93
86 NEUCA 95.50
87 MIESZKO 4.36
88 FARMACOL 32.59
89 RESBUD 5.59
90 HYDROTOR 26.94
91 VOTUM 4.64
92 RAINBOW 4.13
93 BBIDEVNFI 0.38
94 PRESCO 7.28
95 MONNARI 1.15
96 NOVITA 22.60
97 MWTRADE 9.80
98 EUROTEL 17.30
99 ELEKTROTI 8.60
100 GETINOBLE 1.79
101 IMPEL 30.74
102 ZASTAL 1.88
103 ACAUTOGAZ 24.50
104 VISTULA 1.08
105 PROJPRZEM 8.80
106 COMARCH 73.50
107 BOGDANKA 136.00
108 OPENFIN 14.00
109 LCCORP 1.17
110 4FUNMEDIA 20.20
111 QUERCUS 2.46
112 SYNTHOS 5.41
113 POLNA 13.09
114 ACE 5.70
115 OVOSTAR 89.00
116 BRE 326.00
117 OPTEAM 4.30
118 WARIMPEX 3.90
119 KOGENERA 86.50
120 KREC 3.40
121 DUON 0.69
122 KANIA 1.80
123 PRAGMAFA 16.35
124 DREWEX 0.31
125 SONEL 4.91
126 PGNIG 5.21
127 CIECH 22.20
128 ASSECOBS 10.75
129 ADVGRUPA 13.12
130 ACTION 22.40
131 ASSECOSLO 19.51
132 KOMPUTRON 5.37
133 UNICREDIT 15.69
134 ARCUS 3.83
135 POLICE 12.39
136 ARTERIA 13.43
137 FERRO 6.20
138 PTI 15.95
139 PEKAO 167.50
140 STALPROFI 16.76
141 RANKPROGR 11.02
142 EFEKT 8.60
143 DOMDEV 34.19
144 CYFRPLSAT 16.41
145 SUWARY 17.79
146 HAWE 3.80
147 WASKO 2.51
148 DEBICA 61.00
149 FAM 1.47
150 LENTEX 4.90
151 PKOBP 36.90
152 GREMISLTN 2.63
153 PROCHEM 16.14
154 GTC 9.90
155 CDPROJEKT 6.20
156 ZUE 6.54
157 BGZ 54.85
158 PGODLEW 1.85
159 PAGED 15.14
160 IZOSTAL 7.50
161 GROCLIN 12.66
162 MILLENNIUM 4.42
163 INTERFERI 5.22
164 NETMEDIA 4.30
165 CAPITAL 1.37
166 JSW 92.40
167 BSCDRUK 17.20
168 INGBSK 91.00
169 STALEXP 1.40
170 ENERGOPOL 8.44
171 GPW 38.87
172 ELBUDOWA 106.50
173 CASHFLOW 2.39
174 POZBUD 3.40
175 ASSECOSEE 9.20
176 DROP 9.00
177 KOV 1.31
178 KRKA 220.00
179 MAGELLAN 42.50
180 POLLENAE 9.50
181 KPPD 24.31
182 IPOPEMA 8.89
183 ENELMED 4.10
184 BZWBK 241.90
185 QUMAKSEK 9.31
186 PELION 30.50
187 BEDZIN 24.85
188 INTERAOLT 26.64
189 ALIOR 62.65
190 TERESA 13.22
191 ATLASEST 1.65
192 INTERCARS 86.00
193 ZEPAK 28.45
194 EMPERIA 57.95
195 MARVIPOL 9.70
196 RAFAKO 8.39
197 WOJAS 4.10
198 EXILLON 7.94
199 ALCHEMIA 5.00
200 INPRO 3.23
201 POLMED 1.83
202 ARMATURA 1.22
203 TFONE 1.88
204 BUDIMEX 70.00
205 BBICAPNFI 0.71
206 PEPEES 0.89
207 ASTARTA 55.00
208 PRAGMAINK 19.17
209 CALATRAVA 0.38
210 DECORA 8.50
211 PEGAS 77.00
212 AGORA 10.38
213 INTROL 4.45
214 ESSYSTEM 2.50
215 ORBIS 38.00
216 HUTMEN 3.29
217 ZREMB 0.28
218 MILKILAND 14.50
219 KREDYTIN 12.80
220 MOJ 1.68
221 ATMGRUPA 1.02
222 PANOVA 19.00
223 SKOK 2.90
224 ELZAB 1.49
225 PATENTUS 1.91
226 MOL 249.40
227 TATRY 183.00
228 WIKANA 0.40
229 BARLINEK 0.90
230 ABPL 19.44
231 PAMAPOL 2.74
232 KRUK 44.06
233 RAFAMET 17.66
234 BETACOM 5.40
235 IDEON 0.16
236 IMPEXMET 3.50
237 RADPOL 8.00
238 MAKRUM 1.03
239 RONSON 0.81
240 LUBAWA 0.70
241 LSTCAPITA 0.63
242 BORYSZEW 0.62
243 TOYA 2.40
244 ASSECOPOL 45.35
245 KCI 0.45
246 CAMMEDIA 3.02
247 TVN 9.92
248 UNIMA 3.17
249 PGE 18.21
250 BMPAG 2.46
251 KERNEL 66.75
252 ABCDATA 2.08
253 NOWAGALA 1.96
254 AMPLI 1.28
255 VARIANT 1.41
256 SWISSMED 0.57
257 TAURONPE 4.75
258 ERBUD 13.95
259 FORTUNA 13.50
260 COLIAN 2.18
261 KBDOM 0.17
262 K2INTERNT 16.99
263 TELL 10.00
264 PEMUG 0.98
265 MCLOGIC 32.00
266 PEKAES 5.50
267 AGROWILL 0.60
268 COMP 59.40
269 SKYLINE 1.59
270 HYPERION 2.09
271 SILVANO 12.00
272 FOTA 4.20
273 FERRUM 7.45
274 CCIINT 26.00
275 HARPER 1.73
276 CHEMOS 0.19
277 ENEA 15.73
278 MOSTALZAB 1.14
279 TIM 5.22
280 ATREM 3.90
281 FASTFIN 0.38
282 JUPITER 0.66
283 PRIMAMODA 3.60
284 INDYKPOL 35.70
285 BIPROMET 6.30
286 UNIBEP 5.05
287 TRAKCJA 0.59
288 MEDIATEL 1.16
289 EUCO 10.14
290 ZYWIEC 426.00
291 PROCHNIK 0.24
292 ORZBIALY 15.77
293 CEZ 110.00
294 IZOLACJA 0.68
295 NORTCOAST 0.34
296 KOPEX 17.70
297 MNI 1.47
298 CITYINTER 24.34
299 WORKSERV 5.65
300 PERMEDIA 5.66
301 MEWA 0.25
302 QUANTUM 5.19
303 ARCTIC 5.86
304 ERG 0.38
305 OPONEO.PL 7.00
306 LIBRA 1.64
307 NETIA 4.28
308 ALMA 27.00
309 SYGNITY 14.45
310 LSISOFT 2.85
311 STALPROD 184.00
312 CCENERGY 0.20
313 PBSFINANSE 0.42
314 MOSTALWAR 12.55
315 TPSA 12.23
316 KDMSHIPNG 25.10
317 CORMAY 12.93
318 DGA 1.36
319 POLNORD 10.40
320 SFINKS 0.94
321 KOELNER 8.80
322 JWCONSTR 4.04
323 MUZA 3.48
324 WILBO 0.46
325 POLAQUA 3.40
326 TRANSPOL 5.78
327 SOBIESKI 154.00
328 PLAZACNTR 1.41
329 ULMA 43.85
330 06MAGNA 0.23
331 KONSSTALI 24.85
332 EUROHOLD 2.30
333 HELIO 5.21
334 BLACKLION 0.76
335 PROCAD 0.88
336 BUDVARCEN 1.69
337 KOMPAP 5.97
338 MIDAS 0.65
339 HERKULES 1.28
340 ORCOGROUP 10.00
341 COMPLEX 0.88
342 MIRBUD 1.23
343 NEWWORLDR 15.80
344 COGNOR 2.18
345 BOS 30.00
346 GINOROSSI 0.98
347 IVMX 4.95
348 WANDALEX 1.20
349 TRAVELPL 6.20
350 NORDEABP 24.90
351 DRAGOWSKI 0.37
352 SOPHARMA 4.00
353 SANWIL 0.21
354 BAKALLAND 2.69
355 DMWDM 0.24
356 MIT 0.34
357 ECARD 0.16
358 PETROLINV 1.40
359 DUDA 0.39
360 LIBET 1.98
361 GANT 3.90
362 ADVADIS 0.03
363 BNPPL 50.00
364 ESTAR 85.10
365 MAKARONPL 2.15
366 IQP 1.05
367 DELKO 2.16
368 KRUSZWICA 28.40
369 KSGAGRO 11.60
370 REMAK 16.20
371 FON 0.10
372 EUIMPLANT 0.10
373 TUP 1.93
374 INVESTCON 0.97
375 NOKAUT 6.59
376 SEKO 3.35
377 AGROTON 10.00
378 IFCAPITAL 0.36
379 TALEX 5.13
380 MOSTALEXP 0.35
381 MOBRUK 50.00
382 TESGAS 3.32
383 BUMECH 6.19
384 DROZAPOL 0.77
385 BOWIM 4.23
386 ATMSI 1.23
387 ELKOP 0.13
388 POLCOLORIT 0.08
389 BBIZENNFI 0.18
390 ROVESE 1.42
391 COALENERG 9.53
392 IGROUP 0.20
393 INTERBUD 2.86
394 SOLAR 5.60
395 VINDEXUS 2.99
396 POINTGROUP 0.26
397 EFH 0.18
398 CEDC 6.20
399 GETIN 2.82
400 B3SYSTEM 0.62
401 IDEATFI 1.47
402 BYTOM 0.25
403 POLIMEXMS 0.62
404 BUDOPOL 0.29
405 RUBICON 0.20
406 MISPOL 1.14
407 AWBUD 0.62
408 NOVAKBM 4.97
409 POLJADLO 0.19
410 REGNON 0.03
411 REDAN 0.85
412 TRITON 1.13
413 PCCINTER 1.45
414 PBOANIOLA 1.00
415 ATLANTIS 0.13
416 ATLANTAPL 3.15
417 VANTAGE 1.31
418 CELTIC 4.51
419 MIRACULUM 0.11
420 SADOVAYA 2.07
421 WESTAISIC 0.74
422 REINHOLD 0.28
423 MEXPOLSKA 2.35
424 JHMDEV 0.32
425 PLASTBOX 2.45
426 08OCTAVA 0.71
427 DSS 1.17
428 IDMSA 0.21
429 INTAKUS 0.22
430 ENERGOPLD 0.26
431 ABMSOLID 0.17
432 BOMI 0.19
433 EUROMARK 0.09
434 PBG 5.28
435 ONE2ONE 0.14
436 ALTERCO 2.13
437 HBPOLSKA 0.02
