1 REGNON 0.04
2 ELZAB 16.30
3 GLCOSMED 6.28
4 STALPROD 404.50
5 CELTIC 5.50
6 CAMMEDIA 3.42
7 BIOTON 3.97
8 EUCO 25.50
9 SELVITA 15.10
10 TALEX 21.80
11 RESBUD 2.52
12 RAINBOW 18.35
13 CAPITAL 2.62
14 ENELMED 11.80
15 EFEKT 12.95
16 ARCTIC 4.33
17 MAKARONPL 5.99
18 LIVECHAT 27.99
19 CNT 7.29
20 IMMOBILE 2.27
21 NOVITA 48.99
22 MONNARI 10.15
23 ENERGA 23.03
24 SADOVAYA 0.79
25 INDYKPOL 53.90
26 WORKSERV 17.98
27 IMS 2.23
28 REMAK 13.39
29 GORENJE 23.82
30 CIECH 42.61
31 TFONE 5.80
32 WANDALEX 3.17
33 MARVIPOL 7.30
34 PAGED 44.28
35 FORTE 51.50
36 PLAZACNTR 0.25
37 KETY 284.95
38 VOTUM 7.90
39 GLOBCITYHD 43.00
40 HERKULES 2.88
41 MOSTALWAR 6.00
42 KREC 9.00
43 GRAAL 18.61
44 KRUK 110.00
45 BUWOG 71.32
46 POLNA 25.83
47 ALUMETAL 45.50
48 INGBSK 139.90
49 BETACOM 10.90
50 SANOK 50.40
51 ATLANTAPL 7.10
52 MLPGROUP 34.90
53 ELKOP 1.48
54 WOJAS 7.70
55 PKNORLEN 48.92
56 CEZ 90.50
57 LENTEX 8.50
58 SOPHARMA 8.40
59 ELEMENTAL 3.20
60 PGE 18.89
61 COMARCH 115.50
62 ELEKTROTI 10.15
63 SOBIESKI 45.50
64 PCM 53.00
65 CYFRPLSAT 23.50
66 TAURONPE 5.05
67 KPPD 29.00
68 INTERCARS 224.50
69 MEXPOLSKA 1.47
70 TIM 6.10
71 MILLENNIUM 8.30
72 ASSECOPOL 51.00
73 TERESA 14.80
74 PEGAS 98.00
75 BUDIMEX 141.50
76 BAKALLAND 2.77
77 PZU 486.00
78 ENEA 15.20
79 CCC 133.50
80 PCCROKITA 38.10
81 ATMGRUPA 3.29
82 SIMPLE 9.15
83 NETMEDIA 4.27
84 TORPOL 9.97
85 BORYSZEW 5.73
86 NETIA 5.58
87 KOMPAP 7.44
88 GPW 45.70
89 WISTIL 38.98
90 MOSTALZAB 2.22
91 LCCORP 1.88
92 ERGIS 3.86
93 KOGENERA 58.00
94 MABION 39.49
95 ORBIS 43.80
96 GRAJEWO 32.00
97 NEWAG 23.91
98 DUON 1.86
99 POLWAX 16.79
100 ASSECOBS 13.64
101 AMREST 100.00
102 INTROL 9.20
103 YAWAL 7.21
104 TVN 16.20
105 KOFOLA 38.00
106 VIGOSYS 198.00
107 COGNOR 1.34
108 MEDICALG 189.00
109 GINOROSSI 2.83
110 REINHOLD 0.68
111 AGROWILL 1.04
112 BLACKLION 1.18
113 FORTUNA 18.53
114 TESGAS 3.57
115 HANDLOWY 106.95
116 ZEPAK 26.30
117 PEKAES 10.77
118 PEP 30.00
119 PROTEKTOR 2.75
120 TRAVELPL 4.06
121 MCI 10.23
122 ALTUSTFI 9.25
123 STALEXP 2.72
124 08OCTAVA 0.86
125 06MAGNA 2.12
126 SFINKS 1.80
127 UNICREDIT 23.40
128 PGODLEW 5.39
129 ATLANTIS 0.95
130 PHN 26.30
131 ECHO 7.04
132 WDMCP 5.25
133 PEKAO 178.70
134 ROBYG 2.22
135 WILBO 0.90
136 BGZ 79.95
137 UNIBEP 8.22
138 PBSFINANSE 3.94
139 RAFAMET 16.50
140 MBANK 498.00
141 AVIAAML 8.10
142 BSCDRUK 25.60
143 LENA 4.15
144 KOPEX 10.74
145 APATOR 36.95
146 GRUPAAZOTY 63.30
147 BENEFIT 310.00
148 TATRY 86.45
149 ENAP 1.00
150 PKPCARGO 83.50
151 OPONEO.PL 10.49
152 AMICA 109.00
153 SANTANDER 30.40
154 ADVADIS 0.01
155 PETROLINV 0.16
156 SKARBIEC 32.50
157 SYNEKTIK 20.50
158 ESTAR 1.69
159 BZWBK 375.00
160 MEGARON 20.00
161 COLIAN 3.47
162 ACTION 45.99
163 KRKA 238.00
164 SONEL 7.55
165 KRUSZWICA 58.00
166 OLYMPIC 7.35
167 BALTONA 6.90
168 ABPL 30.60
169 TALANX 109.55
170 IMPEL 30.00
171 KGHM 108.85
172 MENNICA 14.00
173 MIESZKO 3.95
174 VISTULA 1.79
175 ALIOR 77.98
176 CDRL 17.79
177 CDPROJEKT 16.70
178 PROVIDENT 25.30
179 FERRO 9.27
180 ALCHEMIA 5.00
181 HUTMEN 4.93
182 COMPERIA 22.10
183 HYDROTOR 32.09
184 PEPEES 0.47
185 MCLOGIC 35.40
186 BEST 29.00
187 ASSECOSEE 8.30
188 MFO 10.50
189 PKOBP 35.76
190 ATM 11.47
191 SEKO 6.34
192 FASING 17.00
193 ZYWIEC 378.00
194 INVISTA 2.19
195 DUDA 7.25
196 BYTOM 1.25
197 EUROTEL 14.49
198 SNIEZKA 38.19
199 IFCAPITAL 1.03
200 PWRMEDIA 1.19
201 BANKBPH 49.00
202 PLASTBOX 2.60
203 SUWARY 14.10
204 PANOVA 15.54
205 ORANGEPL 8.32
206 PGNIG 4.45
207 VANTAGE 2.77
208 FOTA 0.73
209 INTERFERI 4.20
210 KREDYTIN 19.00
211 MWTRADE 18.10
212 DEBICA 89.00
213 TERMOREX 7.39
214 DOMDEV 42.95
215 TARCZYNSKI 13.00
216 PRAGMAINK 15.25
217 PCCINTER 1.52
218 PTI 15.80
219 POZBUD 4.35
220 MUZA 3.06
221 RAFAKO 5.60
222 EDINVEST 2.46
223 MIRBUD 1.36
224 OTLOG 244.85
225 EUROHOLD 2.17
226 INTERAOLT 19.69
227 QUMAK 12.30
228 PELION 85.50
229 LIBET 2.60
230 ABCDATA 3.40
231 OTMUCHOW 8.39
232 VINDEXUS 4.29
233 MERCOR 7.99
234 MERCATOR 12.49
235 EMCINSMED 15.35
236 ERG 17.90
237 WAWEL 1029.60
238 UNIMA 2.32
239 ALTERCO 0.64
240 K2INTERNT 10.00
241 ZETKAMA 66.00
242 MIDAS 0.55
243 MAGELLAN 65.50
244 MNI 1.40
245 ASSECOSLO 15.62
246 COMP 54.00
247 GETINOBLE 2.19
248 HYPERION 2.46
249 PEMUG 0.50
250 LOTOS 25.50
251 SANWIL 0.18
252 BMPAG 2.74
253 MOL 154.40
254 EXILLON 7.44
255 EUROCASH 38.00
256 LPP 7234.60
257 INSTALKRK 15.95
258 IZOLACJA 1.70
259 AMBRA 7.80
260 BOGDANKA 96.46
261 GREMMEDIA 1.65
262 ODLEWNIE 2.08
263 REDAN 1.91
264 PULAWY 139.50
265 MSXRESOUR 1.80
266 SYNTHOS 4.11
267 RONSON 1.49
268 NEUCA 221.00
269 PROCAD 0.95
270 ATENDE 2.35
271 QUANTUM 3.15
272 PRAGMAFA 13.55
273 TELL 9.32
274 POLICE 18.52
275 TOYA 4.64
276 MEWA 0.07
277 URSUS 2.05
278 FAMUR 3.39
279 AGORA 7.55
280 ERBUD 25.40
281 HARPER 3.38
282 QUERCUS 5.92
283 NOWAGALA 1.12
284 MOJ 1.32
285 WINVEST 7.20
286 NOKAUT 1.19
287 CPGROUP 4.00
288 KERNEL 28.46
289 DGA 5.44
290 CIGAMES 7.77
291 PBG 1.64
292 RELPOL 6.00
293 FASTFIN 1.30
294 KANIA 2.89
295 TRAKCJA 7.60
296 TRITON 1.94
297 POLMED 2.00
298 IMPEXMET 2.50
299 GTC 5.39
300 BOS 34.00
301 KOMPUTRON 6.70
302 ENERGOINS 11.74
303 VISTAL 8.65
304 ATLASEST 0.90
305 OVOSTAR 72.00
306 POLNORD 6.19
307 IQP 0.79
308 MOSTALPLC 9.90
309 DROZAPOL 3.46
310 FARMACOL 48.30
311 BRIJU 12.20
312 IZOSTAL 4.40
313 KONSSTALI 19.80
314 MEDIATEL 0.55
315 JJAUTO 21.05
316 CHEMOS 1.01
317 ZREMB 1.40
318 JHMDEV 1.89
319 DRAGOWSKI 2.59
320 DELKO 4.95
321 ESSYSTEM 2.25
322 NTTSYSTEM 1.93
323 ELBUDOWA 73.80
324 SYGNITY 13.65
325 ZPUE 285.00
326 IMPERA 1.52
327 ACAUTOGAZ 29.60
328 ROVESE 1.41
329 ZUE 6.59
330 IDEON 0.02
331 EMPERIA 49.20
332 ECARD 1.70
333 BNPPL 62.00
334 INPRO 3.55
335 APLISENS 11.82
336 RADPOL 7.93
337 IIAAV 9.01
338 PRIMAMODA 1.14
339 ROPCZYCE 15.75
340 PCCEXOL 3.20
341 FON 0.93
342 WASKO 1.41
343 FENGHUA 26.90
344 BIPROMET 3.37
345 IFSA 0.89
346 LUBAWA 1.08
347 AGROTON 1.23
348 DTP 4.09
349 POLCOLORIT 0.75
350 REDWOOD 6.25
351 RAWLPLUG 6.55
352 IVMX 3.10
353 ARCUS 1.33
354 BEDZIN 12.24
355 SKOK 1.79
356 INTERBUD 1.05
357 WIELTON 4.01
358 ULMA 59.03
359 ACE 9.15
360 BERLING 3.80
361 FAM 0.54
362 INTAKUS 12.00
363 SELENAFM 14.16
364 ATREM 4.02
365 HELIO 5.43
366 PROCHEM 16.60
367 EKOEXPORT 25.48
368 NORTCOAST 3.90
369 COALENERG 0.62
370 SMT 12.77
371 SILVANO 6.17
372 TRANSPOL 4.10
373 VARIANT 1.58
374 CUBEITG 4.36
375 ARTERIA 12.89
376 FERRUM 4.26
377 STALPROFI 13.16
378 HAWE 1.95
379 BBIDEV 1.15
380 VOXEL 9.25
381 GANT 0.34
382 PROJPRZEM 5.21
383 MOBRUK 9.50
384 PRESCO 3.48
385 ONE2ONE 0.11
386 KRAKCHEM 3.90
387 SECOGROUP 22.50
388 CCENERGY 0.06
389 IPOPEMA 3.93
390 POLIMEXMS 0.07
391 JWCONSTR 2.49
392 FEERUM 13.42
393 POINTGROUP 2.09
394 OPTEAM 5.00
395 SKYSTONE 1.55
396 LSISOFT 4.40
397 CALATRAVA 1.01
398 B3SYSTEM 1.31
399 INC 1.61
400 SOLAR 1.57
401 JUPITER 0.27
402 ALTA 2.06
403 GETIN 1.86
404 KBDOM 1.95
405 DECORA 6.00
406 ZAMET 2.60
407 ZASTAL 0.84
408 INTEGERPL 154.00
409 AVIASG 21.91
410 SWISSMED 0.22
411 IMCOMPANY 5.67
412 KINOPOL 12.50
413 CASHFLOW 0.20
414 WIKANA 2.32
415 PATENTUS 1.14
416 KCI 0.02
417 KERDOS 1.31
418 WESTAISIC 0.17
419 ALMA 15.05
420 BOWIM 1.54
421 BUMECH 1.49
422 AWBUD 2.20
423 TELEPOLSKA 0.93
424 RANKPROGR 2.59
425 RUBICON 1.72
426 DMWDM 0.68
427 CORMAY 2.98
428 SKOTAN 1.02
429 NFIEMF 6.61
430 WARIMPEX 3.13
431 NEWWORLDR 0.07
432 SKYLINE 0.55
433 INDYGO 0.74
434 PEIXIN 7.77
435 INTERSPPL 1.04
436 ORZBIALY 5.78
437 BUDOPOL 0.05
438 ABMSOLID 0.25
439 WADEX 4.70
440 MIRACULUM 1.55
441 SERINUS 4.01
442 STAPORKOW 9.90
443 STARHEDGE 2.30
444 4FUNMEDIA 5.90
445 AMPLI 0.25
446 JSW 16.75
447 DSS 0.35
448 ASTARTA 20.00
449 PAMAPOL 0.86
450 PROCHNIK 0.88
451 GROCLIN 9.31
452 EKANCELAR 0.34
453 CZTOREBKA 2.90
454 MIT 0.14
455 EFH 0.18
456 KREZUS 3.50
457 ORCOGROUP 1.51
458 DREWEX 0.15
459 DROP 1.52
460 SCOPAK 1.73
461 OPENFIN 2.64
462 ASBIS 1.00
463 PCGUARD 0.29
464 MILKILAND 1.48
465 KDMSHIPNG 4.05
466 EUIMPLANT 0.01
467 PPG 1.30
468 IDMSA 0.12
469 PBOANIOLA 0.15
470 KSGAGRO 1.12
471 INVENTUM 0.13
