1 FAM 2.00
2 BIOTON 11.93
3 MEXPOLSKA 4.40
4 CIGAMES 20.69
5 OPONEO.PL 27.40
6 IZOBLOK 153.40
7 CHEMOS 2.41
8 OPTEAM 11.55
9 BYTOM 2.94
10 ECARD 3.96
11 POLNORD 14.37
12 VOXEL 20.90
13 MDIENERGIA 3.49
14 MOSTALWAR 13.00
15 SFINKS 3.83
16 INTERSPPL 2.14
17 CIECH 86.00
18 ORION 95.19
19 JWCONSTR 4.87
20 PROCAD 1.77
21 VOTUM 14.80
22 IVMX 5.99
23 ELEKTROTI 18.50
24 QUANTUM 6.01
25 PULAWY 255.00
26 AMREST 188.20
27 MBWS 84.90
28 BEST 13.52
29 DUON 3.40
30 DELKO 8.92
31 WIELTON 7.20
32 SCOPAK 3.17
33 EUCO 44.50
34 GRODNO 5.60
35 ACE 15.98
36 ELBUDOWA 130.00
37 WDX 5.30
38 SONEL 12.60
39 KERNEL 48.10
40 BRASTER 13.35
41 ASTARTA 34.50
42 PRESCO 5.97
43 KONSSTALI 32.50
44 K2INTERNT 15.25
45 AGORA 12.60
46 TRAKCJA 12.65
47 PROJPRZEM 8.05
48 NEUCA 359.90
49 POLIMEXMS 5.76
50 INDYKPOL 87.00
51 VISTULA 2.92
52 AMICA 3.14
54 FEERUM 21.30
55 EFEKT 19.90
56 KRUK 174.00
57 LARQ 5.44
58 GRAAL 29.29
59 GRUPAAZOTY 99.50
60 ABMSOLID 3.92
61 PLATYNINW 4.05
62 SNIEZKA 55.00
63 POLICE 27.50
64 POLCOLORIT 1.14
65 PAMAPOL 1.29
66 PANOVA 22.99
67 KCI 0.03
68 KOFOLA 56.60
69 NTTSYSTEM 2.69
70 TIM 9.00
71 ADIUVO 25.25
72 HYPERION 3.58
73 AWBUD 3.20
74 CPGROUP 5.80
75 BENEFIT 440.00
76 BSCDRUK 36.40
77 HERKULES 4.10
78 ORBIS 61.40
79 TELL 12.80
80 ROPCZYCE 21.65
81 LIVECHAT 39.00
82 WASKO 1.97
83 ZETKAMA 94.00
84 INC 2.29
85 PKNORLEN 67.85
86 BUDIMEX 194.00
87 MIRACULUM 2.20
88 REMAK 19.00
89 EMPERIA 68.40
90 RAFAKO 7.92
91 VINDEXUS 5.93
92 NORTCOAST 5.50
93 MOSTALPLC 12.91
94 ODLEWNIE 2.90
95 SELVITA 20.98
96 RAWLPLUG 8.75
97 RELPOL 7.85
98 NETMEDIA 5.89
99 WILBO 1.24
100 CDRL 23.40
101 APSENERGY 4.07
102 PCCROKITA 48.20
103 RAINBOW 24.20
104 GTC 7.15
105 IMMOBILE 3.08
106 ZUE 8.89
107 GROCLIN 12.54
108 ELEMENTAL 4.30
109 DOMDEV 54.99
110 ESSYSTEM 2.70
111 MERCATOR 16.48
112 POLMED 2.62
113 ATLANTAPL 9.49
114 UNIBEP 10.80
115 ASBIS 1.33
116 CDPROJEKT 22.15
117 VIGOSYS 255.80
118 ROBYG 2.78
119 EUROCASH 48.50
120 ULMA 76.85
121 DECORA 7.80
122 TORPOL 12.42
123 ATMGRUPA 4.10
124 BERLING 4.65
125 MOL 191.50
126 ZPUE 350.00
127 ASSECOSLO 17.93
128 HUBSTYLE 1.50
129 OVOSTAR 90.50
130 MONNARI 12.69
131 WIRTUALNA 39.90
132 BRIJU 15.20
133 PEKAES 13.40
134 PCCINTER 1.89
135 HYDROTOR 37.75
136 KREDYTIN 23.50
137 KRKA 283.00
138 ASSECOSEE 9.80
139 ALTUSTFI 11.40
140 PZU 34.02
141 ESOTIQ 29.52
142 INPRO 4.27
143 PRIMAMODA 1.40
144 MERCOR 8.90
145 ALTA 2.52
146 ATENDE 2.69
147 MFO 12.47
148 BUWOG 83.44
149 BEDZIN 14.80
150 FERRO 10.30
151 ASSECOBS 15.50
152 UNIWHEELS 125.90
153 PROTEKTOR 3.01
154 PROCHNIK 1.05
155 PGNIG 5.14
156 MABION 46.96
157 PEGAS 111.60
158 BMPAG 3.25
159 MIDAS 0.65
160 MEDICALG 221.50
161 STALEXP 3.20
162 NOWAGALA 1.22
163 08OCTAVA 1.01
164 WAWEL 1189.00
165 URSUS 2.40
166 ASSECOPOL 56.80
167 PEMANAGER 119.00
168 OLYMPIC 8.10
169 FERRUM 4.96
170 PAGED 51.50
171 ERGIS 4.35
172 ALUMETAL 50.80
173 KETY 313.00
174 PEPEES 0.54
175 SANOK 55.50
176 ACAUTOGAZ 31.65
177 ATLASEST 1.03
178 VISTAL 9.66
179 COLIAN 3.96
180 KOGENERA 66.00
181 OPENFIN 3.00
182 BOWIM 1.75
183 MCLOGIC 37.29
184 DEBICA 96.80
185 SMT 14.45
186 KREZUS 3.96
187 KDMSHIPNG 4.58
188 MENNICA 15.40
189 NOVITA 51.47
190 PEKABEX 11.20
191 MCI 11.51
192 ARTERIA 14.49
193 TERESA 15.36
194 ELZAB 17.30
195 FARMACOL 54.00
196 MLPGROUP 38.90
197 CNT 7.65
198 EUROTEL 14.97
199 APLISENS 12.80
200 ERBUD 27.66
201 ABPL 33.11
202 POZBUD 4.80
203 FENGHUA 29.50
204 TALANX 119.95
205 TATRY 94.00
206 PBG 1.78
207 ERG 19.42
208 SIMPLE 9.35
209 DTP 4.34
210 LENTEX 8.73
211 ZYWIEC 386.50
212 KOMPUTRON 6.70
213 SKOK 1.87
214 KOMPAP 7.99
215 FORTE 53.40
216 INTERAOLT 18.60
217 SKARBIEC 32.00
218 INTERFERI 4.50
219 DEKPOL 15.00
220 FASING 17.40
221 NETIA 5.40
222 KOFOL 86.00
223 INTERCARS 238.00
224 VARIANT 1.68
225 TALEX 21.30
226 LOTOS 27.00
227 CCC 138.55
228 ORZBIALY 6.10
229 IMCOMPANY 5.97
230 PROCHEM 17.10
231 COMP 55.55
232 IMPEL 29.80
233 LOKUM 12.50
234 LENA 4.06
235 CORMAY 2.28
236 RONSON 1.37
237 CITYSERV 7.20
238 PWRMEDIA 1.17
239 IZOSTAL 4.47
240 INVISTA 2.25
241 SELENAFM 14.29
242 ABCDATA 3.15
243 MAKARONPL 5.92
244 SOHODEV 1.20
245 CUBEITG 4.43
246 11BIT 70.60
247 HUTMEN 5.00
248 WISTIL 39.49
249 IQP 0.80
250 TOYA 4.69
251 PGODLEW 5.44
252 ESTAR 1.70
253 PRAGMAFA 12.35
254 WITTCHEN 17.00
255 CCENERGY 0.06
256 ALCHEMIA 5.00
257 IIAAV 8.97
258 ATAL 21.59
259 TARCZYNSKI 12.87
260 KRVITAMIN 12.10
261 COMARCH 114.05
262 KINOPOL 11.50
263 SKYLINE 0.54
264 AMBRA 7.21
265 IFCAPITAL 1.01
266 ECHO 6.90
267 SYNTHOS 3.81
268 PBSFINANSE 3.84
269 UNICREDIT 22.21
270 KRAKCHEM 3.77
271 ATREM 3.82
272 MILKILAND 1.42
273 IDEABANK 25.30
274 EMCINSMED 14.70
275 ENAP 0.91
276 TRITON 1.85
277 UNIMA 2.21
278 IMS 2.05
279 BIOMEDLUB 2.09
280 LCCORP 1.78
281 MOBRUK 8.99
282 SILVANO 5.40
283 INDYGO 0.69
284 TESGAS 3.24
285 MUZA 2.85
286 4FUNMEDIA 5.49
287 BALTONA 6.40
288 PEP 27.80
289 TRAVELPL 3.75
290 INTROL 8.30
291 ARCTIC 3.99
292 POLNA 20.10
293 KRUSZWICA 51.00
294 POLWAX 14.40
295 SECOGROUP 20.49
296 EDINVEST 2.07
297 VANTAGE 2.51
298 APATOR 32.80
299 MAGELLAN 57.00
300 MARVIPOL 6.50
301 CYFRPLSAT 20.88
302 IMPERA 1.35
303 AMPLI 0.22
304 INPOST 21.97
305 SYNEKTIK 18.00
306 CELTIC 4.80
307 DGA 4.69
308 INGBSK 117.15
309 06MAGNA 1.82
310 SEKO 5.16
311 TRANSPOL 3.51
312 AGROWILL 0.89
313 COALENERG 0.53
314 ALIOR 66.50
315 RADPOL 6.44
316 PEKAO 143.50
317 WARIMPEX 2.66
318 MWTRADE 14.55
319 ATM 9.50
320 PLASTBOX 2.11
321 QUERCUS 5.00
322 SOPHARMA 7.09
323 PKPCARGO 68.44
324 KPPD 24.45
325 DROP 1.28
326 PRAIRIE 0.62
327 REDAN 1.60
328 ROVESE 1.18
329 AILLERON 6.61
330 IMPEXMET 2.09
331 WOJAS 6.20
332 ORANGEPL 6.56
333 BORYSZEW 4.70
334 BETACOM 8.50
335 GRAJEWO 26.65
336 KREC 7.49
337 CEZ 70.28
338 KSGAGRO 0.93
339 RAFAMET 13.61
340 GPW 35.95
341 ELKOP 1.22
342 LSISOFT 3.62
343 AGROTON 1.01
344 BBIDEV 0.94
345 GORENJE 19.25
346 KANIA 2.35
347 WORKSERV 14.47
348 ENERGOINS 8.97
349 CAPITAL 2.11
350 BUDOPOL 0.04
351 NEWAG 18.00
352 STALPROFI 10.40
353 PCM 37.50
354 ENELMED 9.22
355 WADEX 3.33
356 GREMMEDIA 1.28
357 LPP 555.05
358 AATHOLD 18.48
359 LUBAWA 0.83
360 ENEA 11.30
361 PKOBP 27.33
362 PHN 18.92
363 PEMUG 0.38
364 DUDA 5.50
365 BZWBK 284.00
366 PMPG 1.57
367 PETROLINV 0.12
368 STALPROD 299.00
369 REDWOOD 4.63
370 QUMAK 9.10
371 GINOROSSI 2.09
372 PCCEXOL 2.34
373 GLCOSMED 4.50
374 PROVIDENT 18.20
375 SUWARY 10.30
376 HANDLOWY 71.90
377 LABOPRINT 10.54
378 FOTA 0.53
379 MEGARON 14.00
380 POLYMETAL 1.20
381 PGE 12.79
382 MIT 0.10
383 OTLOG 170.05
384 SANWIL 0.77
385 SWISSMED 1.55
386 CFI 8.30
387 AVIASG 15.00
388 MOJ 0.90
389 PRAGMAINK 9.64
390 INSTALKRK 10.78
391 SANTANDER 20.29
392 MILLENNIUM 5.56
393 ARCUS 0.89
394 RUBICON 1.15
395 IDMSA 1.28
396 WIKANA 1.53
397 ACTION 29.50
398 OTMUCHOW 5.52
399 GETIN 1.22
400 IZOLACJA 1.11
401 LIBET 1.69
402 PELION 54.29
403 EUROHOLD 1.40
404 ZAMET 1.67
405 FORTUNA 11.90
406 HELIO 3.47
407 SOLAR 1.00
408 JSW 10.65
409 MBANK 314.00
410 ORCOGROUP 0.95
411 BANKBPH 30.78
412 MOSTALZAB 1.36
413 PEIXIN 4.74
414 INTERBUD 0.64
415 BGZBNPP 48.30
416 REINHOLD 0.41
417 KGHM 63.49
418 CASHFLOW 0.12
419 COGNOR 0.80
420 IFSA 0.53
421 TAURONPE 2.88
422 ENERGA 12.64
423 SKOTAN 0.59
424 ZASTAL 0.48
425 AVIAAML 4.35
426 ATLANTIS 0.54
427 TFONE 3.18
428 MNI 0.70
429 FON 0.52
430 IPOPEMA 2.17
431 RESBUD 1.37
432 INTEGERPL 83.00
433 PSG 0.49
434 PATENTUS 0.60
435 ZREMB 0.72
436 JHMDEV 0.97
437 HARPER 1.70
438 BOS 17.09
439 IDEON 0.01
440 MIRBUD 0.68
441 IBSM 26.00
442 EXILLON 3.71
443 ALMA 7.50
444 DROZAPOL 1.72
445 SYGNITY 6.78
446 BUMECH 0.74
447 EKOEXPORT 12.61
448 CALATRAVA 0.49
449 FAMUR 1.63
450 TERMOREX 3.54
451 WESTAISIC 0.08
452 STAPORKOW 4.57
453 AURUM 0.60
454 JJAUTO 9.70
455 FASTFIN 0.59
456 DREWEX 0.68
457 NFIEMF 2.99
458 ALTERCO 0.28
459 WINVEST 2.95
460 MEDIATEL 1.09
461 RANKPROGR 1.02
462 GRAVITON 0.26
463 SERINUS 1.53
464 SADOVAYA 0.30
465 COMPERIA 8.20
466 ZEPAK 9.00
467 KOPEX 3.75
468 BOGDANKA 33.21
469 EVEREST 1.90
470 PLAZACNTR 0.09
471 INDATA 0.94
472 B3SYSTEM 0.38
473 NEWWORLDR 0.02
474 CZTOREBKA 0.80
475 GETINOBLE 0.60
476 REGNON 1.05
477 PCGUARD 0.07
478 KERDOS 0.31
479 STARHEDGE 0.45
480 HAWE 0.43
481 MSXRESOUR 0.31
482 EFH 0.03
483 SUNEX 5.32
484 EKANCELAR 0.02
485 TOPMEDICA 0.20
