1 DEKPOL 39.50
2 KDMSHIPNG 3.98
3 ESOTIQ 25.57
4 DINOPL 78.80
5 WDX 14.56
6 LABOPRINT 15.10
7 GRODNO 12.07
8 WASKO 2.37
9 SELVITA 58.00
10 AILLERON 17.80
11 COMPERIA 7.00
12 FORTUNA 28.22
13 ORCOGROUP 1.98
14 PROJPRZEM 15.99
15 LARQ 15.50
16 ARCUS 2.44
17 AMBRA 14.29
18 4FUNMEDIA 9.50
19 CDPROJEKT 97.00
20 ABADONRE 7.66
21 IFIRMA 4.03
22 PRIMAMODA 5.32
23 UNICREDIT 66.02
24 TOYA 10.80
25 WARIMPEX 6.00
26 MILLENNIUM 8.94
27 BENEFIT 1170.00
28 RAINBOW 43.50
29 VENTUREIN 5.49
30 MIRACULUM 2.11
31 JHMDEV 2.03
32 PCCROKITA 103.00
33 QUANTUM 14.06
34 URSUS 3.97
35 NOWAGALA 1.83
36 SOHODEV 2.25
37 PRAGMAINK 15.78
38 LPP 8910.00
39 PKOBP 44.31
40 CELTIC 6.47
41 ATAL 42.70
42 IMCOMPANY 12.48
43 ATLASEST 1.44
44 LSISOFT 14.00
45 LOTOS 57.70
46 LIBET 1.84
47 EMPERIA 99.60
48 LOKUM 17.54
49 DOMDEV 85.50
50 MABION 112.80
51 SOPHARMA 9.50
52 CITYSERV 11.99
53 IZOLACJA 2.00
54 INDYKPOL 73.00
55 TRITON 3.40
56 FERRO 16.65
57 CLNPHARMA 35.80
58 ALIOR 79.50
59 BEST 31.50
60 GEKOPLAST 15.19
61 ASSECOSEE 13.00
62 FAMUR 6.20
63 LCCORP 2.75
64 PEMUG 0.84
65 JSW 96.27
66 NETMEDIA 9.30
67 PRAGMAFA 18.34
68 BUWOG 122.00
69 ORZBIALY 12.50
70 MIRBUD 1.15
71 ENERGA 12.73
72 CCC 285.00
73 CAPITAL 3.47
74 VIGOSYS 317.00
75 SEKO 9.19
76 UNIWHEELS 305.00
77 MBANK 465.00
78 AMREST 410.00
79 PCCINTER 2.88
80 PEPEES 1.44
81 PBKM 70.00
82 ROBYG 3.72
83 PROTEKTOR 3.85
84 SANWIL 0.84
85 IMPEXMET 4.32
86 11BIT 198.00
87 EUROTEL 23.57
88 SKYLINE 0.74
89 ROPCZYCE 24.90
90 VINDEXUS 9.44
91 WADEX 5.60
92 LENA 4.64
93 GETIN 1.38
94 MOL 39.36
95 NORTCOAST 7.40
96 ABMSOLID 11.85
97 PRAIRIE 1.47
98 PLAYWAY 64.99
99 PZU 42.16
100 MFO 34.00
101 PATENTUS 1.02
102 ZEPAK 15.19
103 SNIEZKA 74.00
104 ORBIS 92.50
105 BIOMEDLUB 1.46
106 MENNICA 21.99
107 PKNORLEN 106.00
108 INGBSK 205.60
109 BZWBK 396.25
110 VISTULA 4.38
111 NETIA 5.38
112 CEZ 82.00
113 BYTOM 2.64
114 FASING 16.80
115 POZBUD 3.60
116 ENELMED 11.99
117 EXILLON 6.99
118 MOJ 0.85
119 ENEA 11.50
120 GPW 46.99
121 GTC 9.80
122 HELIO 11.55
123 GETINOBLE 1.62
124 IMS 3.40
125 DGA 4.35
126 KRUSZWICA 69.80
127 SUWARY 9.87
128 KGHM 111.20
129 INPRO 5.00
130 KCI 0.83
131 BUDOPOL 0.06
132 IFCAPITAL 0.68
133 POLNORD 9.65
134 IMMOBILE 3.81
135 KONSSTALI 31.25
136 SYNTHOS 4.88
137 PGSSOFT 15.40
138 GOBARTO 7.91
139 BGZBNPP 67.89
140 PKPCARGO 55.10
141 ASSECOBS 27.00
142 BEDZIN 26.90
143 AATHOLD 20.00
144 INTERSPPL 2.30
145 SARE 22.20
146 PROCHEM 20.43
147 AUGA 2.20
148 SANTANDER 24.01
149 DECORA 10.20
150 PGE 12.05
151 AGORA 14.44
152 WITTCHEN 18.55
153 PGNIG 6.29
154 PCCEXOL 1.74
155 BORYSZEW 9.22
156 ATLANTIS 0.69
157 ENTER 28.75
158 BSCDRUK 37.99
159 ENAP 1.12
160 HANDLOWY 81.88
161 STALPROFI 14.82
162 PEP 12.15
163 VANTAGE 3.50
164 BUDIMEX 212.00
165 KETY 409.50
166 AGROTON 4.58
167 ARCHICOM 16.40
168 IIAAV 8.82
169 IMPERA 1.45
170 ATMGRUPA 4.40
171 ATENDE 4.09
172 GRUPAAZOTY 69.60
173 INTERCARS 310.00
174 ASBIS 3.18
175 RONSON 1.42
176 KRUK 261.50
177 DEBICA 105.00
178 ZYWIEC 472.00
179 STALEXP 4.16
180 SKARBIEC 27.70
181 B3SYSTEM 0.53
182 CNT 8.70
183 PEKAO 129.50
184 COMARCH 190.00
185 FERRUM 3.99
186 ULMA 69.97
187 MOBRUK 20.50
188 OEX 18.95
189 PROCAD 1.60
190 RUBICON 1.40
191 PMPG 3.62
192 CHEMOS 1.34
193 KINOPOL 11.53
194 ABCDATA 2.08
195 POLIMEXMS 4.03
196 PLASTBOX 2.23
197 AUTOPARTN 4.70
198 TAURONPE 3.05
199 SYNEKTIK 16.89
200 OTMUCHOW 3.20
201 UNIMA 3.18
202 MERCOR 11.45
203 ALTUSTFI 14.70
204 K2INTERNT 12.80
205 R22 18.57
206 YOLO 3.24
207 ERGIS 5.69
208 PAGED 58.40
209 HYDROTOR 38.95
210 ORANGEPL 5.79
211 KPPD 27.25
212 APLISENS 12.80
213 TARCZYNSKI 12.20
214 SECOGROUP 17.50
215 COMP 61.50
216 ESSYSTEM 2.60
217 ACAUTOGAZ 41.01
218 ATM 10.83
219 MCI 9.28
220 DROZAPOL 1.94
221 KGL 20.99
222 VOTUM 11.40
223 EDINVEST 1.99
224 HERKULES 3.20
225 IDEABANK 23.14
226 COLIAN 3.30
227 ERG 57.99
228 CYFRPLSAT 24.86
229 RANKPROGR 1.91
230 QUERCUS 5.45
231 OVOSTAR 88.00
232 MUZA 3.54
233 KOGENERA 85.00
234 KOPEX 3.81
235 MANGATA 100.55
236 RELPOL 7.60
237 BZWBK2 389.50
238 FENGHUA 17.52
239 NEWWORLDR 0.02
240 CCENERGY 0.06
241 MEDIATEL 0.74
242 JJAUTO 9.70
243 AMPLI 0.22
244 IDEON 0.01
245 ESTAR 1.70
246 NEWAG 15.15
247 GETBACK 18.39
248 EMCINSMED 9.74
249 TRANSPOL 5.05
250 EUROHOLD 1.90
251 KREZUS 1.66
252 KRKA 234.00
253 WIELTON 12.90
254 CIECH 57.50
255 TALANX 127.00
256 BERLING 3.92
257 ALTA 2.76
258 IMPEL 22.98
259 CDRL 24.70
260 BOGDANKA 67.00
261 MLPGROUP 44.10
262 KSGAGRO 2.01
263 COGNOR 1.49
264 MEGARON 14.20
265 BALTONA 2.80
266 BAHOLDING 10.10
267 INVISTA 1.31
268 SIMPLE 6.20
269 BOWIM 3.89
270 STALPROD 504.50
271 INSTALKRK 13.31
272 ODLEWNIE 3.53
273 WOJAS 5.08
274 OPENFIN 1.35
275 PANOVA 23.00
276 WAWEL 1030.75
277 BETACOM 11.39
278 SILVANO 11.96
279 ASTARTA 51.49
280 JWCONSTR 4.21
281 ECHO 4.55
282 EFEKT 23.54
283 VOXEL 17.36
284 IZOSTAL 5.22
285 GPRE 5.39
286 POLICE 20.84
287 UNIBEP 9.92
288 INC 1.60
289 PLAY 33.81
290 MARVIPOL 6.90
291 PFLEIDER 33.75
292 PCM 28.55
293 INTERBUD 0.51
294 WIRTUALNA 48.50
295 TALEX 18.36
296 APATOR 27.00
297 PEKABEX 10.00
298 PROVIDENT 8.65
299 ALUMETAL 53.95
300 CPGROUP 5.79
301 PULAWY 156.50
302 MOSTALPLC 9.61
303 REINHOLD 0.21
304 TATRY 114.05
305 KOMPUTRON 5.70
306 HAWE 0.30
307 DELKO 10.20
308 TERMOREX 1.99
309 RAWLPLUG 9.55
310 MERCATOR 16.93
311 INTERAOLT 11.99
312 KOMPAP 7.80
313 KBDOM 2.59
314 SOLAR 1.11
315 BIK 16.08
316 AVIAAML 5.36
317 POLMED 2.37
318 SELENAFM 17.57
319 FASTFIN 1.53
320 PGO 5.00
321 KREC 5.80
322 GORENJE 22.20
323 ABPL 30.72
324 PCGUARD 1.17
325 08OCTAVA 0.99
326 OPONEO.PL 40.50
327 ALCHEMIA 4.32
328 KREDYTIN 20.30
329 ASSECOPOL 43.98
330 ATREM 2.46
331 APSENERGY 2.97
332 PHN 13.90
333 LUBAWA 0.90
334 ARTERIA 7.62
335 MDIENERGIA 4.29
336 PLATYNINW 0.50
337 SADOVAYA 0.30
338 MONNARI 8.30
339 OTLOG 21.45
340 LIVECHAT 39.90
341 INTERFERI 3.70
342 WISTIL 52.50
343 REMAK 11.30
344 LENTEX 7.93
345 HARPER 0.74
346 TOWERINVT 48.00
347 INDYGO 0.36
348 MAKARONPL 4.92
349 ELBUDOWA 77.50
350 NTTSYSTEM 2.24
351 SANOK 45.72
352 WIKANA 1.04
353 RAFAKO 4.45
354 BOS 8.27
355 MILKILAND 1.54
356 FEERUM 13.79
357 BBIDEV 0.64
358 MEDIACAP 2.09
359 ACTION 3.07
360 ELEKTROTI 8.75
361 ERBUD 20.25
362 KERNEL 47.52
363 ASMGROUP 4.02
364 SUNEX 2.50
365 SKOTAN 0.42
366 SLEEPZAG 6.81
367 PEMANAGER 43.00
368 DREWEX 0.92
369 NOVITA 48.49
370 KRAKCHEM 2.10
371 CORMAY 1.52
372 ARCTIC 4.03
373 RAFAMET 12.28
374 PEIXIN 1.70
375 ZAMET 1.00
376 PAMAPOL 1.00
377 IBSM 21.41
378 IPOPEMA 1.34
379 STAPORKOW 2.49
380 TORPOL 7.90
381 INTROL 6.00
382 FMG 0.21
383 I2DEV 12.33
384 NEUCA 268.50
385 AMICA 125.85
386 STARHEDGE 0.43
387 POLWAX 11.05
388 EUROCASH 26.47
389 ZUE 6.10
390 AWBUD 3.90
391 AVIASG 16.25
392 NANOGROUP 3.20
393 SWISSMED 0.83
394 XTB 4.47
395 ZREMB 0.42
396 IDMSA 0.53
397 TESGAS 2.03
398 FORTE 50.00
399 KANIA 1.45
400 SONEL 6.99
401 MEDICALG 199.50
402 ORION 60.00
403 MEXPOLSKA 4.15
404 MBWS 51.01
405 ELEMENTAL 2.32
406 CZTOREBKA 0.50
407 EVEREST 0.69
408 REGNON 0.20
409 ATLANTAPL 4.19
410 MWTRADE 6.05
411 FAM 2.71
412 ELZAB 9.10
413 EUCO 20.69
414 VIVID 2.28
415 MORIZON 1.47
416 SYGNITY 2.82
417 IZOBLOK 100.10
418 MOSTALZAB 0.64
419 SFINKS 1.45
420 SERINUS 1.02
421 KRVITAMIN 4.00
422 RADPOL 1.54
423 TRAKCJA 7.24
424 ADIUVO 14.47
425 EKOEXPORT 8.09
426 IQP 0.23
427 PROCHNIK 0.53
428 06MAGNA 0.37
429 COALENERG 0.56
430 GINOROSSI 1.10
431 STELMET 14.40
432 OPTEAM 4.30
433 TIM 6.50
434 CFI 0.36
435 SCOPAK 0.70
436 BUMECH 0.31
437 MASTERPHA 3.05
438 RESBUD 0.42
439 REDAN 1.09
440 ZPUE 167.00
441 MOSTALWAR 4.64
442 REDWOOD 0.45
443 BIOTON 3.49
444 TXM 2.40
445 WORKSERV 4.21
446 AIRWAY 0.71
447 CIGAMES 1.03
448 DROP 0.43
449 PLAZACNTR 4.39
450 ZASTAL 0.14
451 QUMAK 1.92
452 BRASTER 6.91
453 MAXCOM 21.07
454 HOLLYWOOD 1.18
455 GROCLIN 5.52
456 ARTIFEX 8.12
457 IFSA 0.41
458 GLCOSMED 2.08
459 WINVEST 0.63
460 PBSFINANSE 0.55
461 FON 0.19
462 GRAVITON 0.58
463 INDATA 2.16
464 UNIMOT 23.80
465 CALATRAVA 0.23
466 WILBO 0.24
467 ELKOP 0.43
468 ENERGOINS 1.13
469 JWWINVEST 1.63
470 ALMA 0.41
471 SETANTA 5.21
472 PETROLINV 1.94
473 LARK 0.14
474 KERDOS 0.01
475 MNI 0.04
476 HUBSTYLE 0.43
477 IALBGR 1.32
478 FOTA 0.10
479 HYPERION 0.28
480 ITMTRADE 3.26
481 VISTAL 0.84
482 CUBEITG 0.40
483 PBG 0.16
