1 BALTONA 9.28
2 GRAVITON 1.59
3 GORENJE 53.00
4 KRVITAMIN 8.40
5 DGA 8.70
6 MASTERPHA 6.10
7 PLAYWAY 135.00
8 MOBRUK 43.20
9 IDMSA 1.06
10 EUROHOLD 3.54
11 TSGAMES 80.00
12 PEP 20.50
13 SUNEX 4.08
14 DECORA 15.10
15 CFI 0.58
16 IQP 0.36
17 LOTOS 88.50
18 CDPROJEKT 145.60
19 VISTAL 1.26
20 PROJPRZEM 22.50
21 SUWARY 14.60
22 TARCZYNSKI 18.00
23 CNT 12.05
24 BIOTON 5.06
25 WINVEST 0.88
26 ROPCZYCE 33.00
27 VOXEL 22.80
28 ORION 7.70
29 PEKABEX 12.90
30 CITYSERV 13.60
31 OVOSTAR 113.00
32 BETACOM 13.90
33 TESGAS 2.60
34 4FUNMEDIA 11.75
35 STARHEDGE 0.54
36 11BIT 244.00
37 PROTEKTOR 4.59
38 DINOPL 95.85
39 FERRUM 4.85
40 ATLANTAPL 4.98
41 SIMPLE 7.00
42 ZREMB 0.49
43 COMPERIA 6.90
44 QUANTUM 14.60
45 CEZ 89.70
46 ELKOP 0.01
47 PROVIDENT 9.63
48 NETMEDIA 10.70
49 OPTEAM 4.90
50 SWISSMED 0.94
51 COGNOR 1.60
52 ASSECOPOL 46.12
53 TATRY 128.00
54 ACAUTOGAZ 43.10
55 NTTSYSTEM 2.38
56 WIRTUALNA 52.80
57 PZU 43.90
58 KRKA 246.00
59 PGNIG 6.91
60 DROP 0.47
61 IMS 3.46
62 ASSECOBS 27.90
63 BUWOG 129.00
64 SNIEZKA 77.50
65 ALCHEMIA 4.67
66 BERLING 4.16
67 LARK 0.15
68 PAMAPOL 1.07
69 RELPOL 7.70
70 MOL 39.88
71 ATMGRUPA 4.46
72 PKNORLEN 108.15
73 IMCOMPANY 13.15
74 PLASTBOX 2.24
75 KERNEL 48.95
76 SEKO 9.20
77 KONSSTALI 29.90
78 FASING 16.60
79 PEMUG 0.87
80 MLSYSTEM 27.95
81 INSTALKRK 13.45
82 ATENDE 4.00
83 ENAP 1.15
84 GPRE 5.10
85 TALANX 130.00
86 IIAAV 89.75
87 NOVITA 49.50
88 PLATYNINW 0.51
89 EDINVEST 1.91
90 SKYLINE 0.75
91 ZYWIEC 462.00
92 SILVAIR-REGS 17.10
93 MCI 9.32
94 LENTEX 7.40
95 INTERAOLT 10.60
96 BUDOPOL 0.06
97 PETROLINV 1.94
98 IDEON 0.01
99 HYPERION 0.28
100 PCGUARD 1.17
101 CALATRAVA 0.23
102 VANTAGE 3.27
103 IALBGR 1.32
104 INTERFERI 3.70
105 NEWWORLDR 0.02
106 MEDIATEL 0.74
107 JJAUTO 9.70
108 AMPLI 0.22
109 CCENERGY 0.06
110 WILBO 0.24
111 FENGHUA 17.50
112 PFLEIDER 32.50
113 ORBIS 90.20
114 MILLENNIUM 8.87
115 XTB 4.40
116 LCCORP 2.45
117 NEWAG 14.85
118 AMREST 40.00
119 CDRL 23.30
120 ODLEWNIE 3.20
121 EFEKT 21.80
122 K2INTERNT 11.50
123 MAKARONPL 4.50
124 MEXPOLSKA 3.85
125 ULMA 63.50
126 KINOPOL 10.50
127 SYGNITY 2.69
128 HUBSTYLE 0.41
129 MENNICA 20.00
130 HYDROTOR 35.40
131 TIM 6.18
132 FAMUR 5.40
133 INPRO 4.50
134 ATM 8.06
135 PROCAD 1.51
136 AMBRA 12.70
137 EVEREST 0.65
138 OEX 17.80
139 WADEX 4.90
140 AMICA 114.80
141 GOBARTO 7.38
142 MDIENERGIA 3.90
143 NEUCA 244.50
144 ORZBIALY 10.65
145 NETIA 5.00
146 ASSECOSEE 11.50
147 SILVANO 10.35
148 SELVITA 53.80
149 PRAGMAFA 17.00
150 ACTION 2.84
151 IPOPEMA 1.20
152 SANPL2 360.00
153 MBANK 424.20
154 VISTULA 4.04
155 LOKUM 15.40
156 ESSYSTEM 2.10
157 APATOR 24.00
158 MLPGROUP 40.40
159 AIRWAY 0.65
160 RAWLPLUG 8.40
161 SANPL 358.20
162 PCCEXOL 1.51
163 SKARBIEC 21.10
164 CYFRPLSAT 22.56
165 EUROTEL 19.35
166 MIRBUD 1.04
167 PEKAO 109.00
168 PKOBP 39.47
169 MEGARON 12.00
170 SONEL 6.20
171 SOPHARMA 8.35
172 HERKULES 2.82
173 BIK 14.45
174 CPGROUP 5.20
175 HANDLOWY 69.10
176 WITTCHEN 15.85
177 BBIDEV 0.57
178 INGBSK 180.00
179 BOS 7.35
180 POLNORD 8.56
181 LPP 7850.00
182 ESTAR 1.50
183 CIECH 44.30
184 IMMOBILE 3.28
185 CLNPHARMA 31.25
186 SECOGROUP 15.20
187 GTC 8.19
188 PEPEES 1.25
189 VIGOSYS 275.00
190 ENELMED 10.40
191 IZOLACJA 1.73
192 ITMTRADE 2.82
193 KETY 329.00
194 ENEA 9.90
195 LABOPRINT 13.00
196 DEBICA 85.60
197 FERRO 13.90
198 ASMGROUP 3.44
199 KREC 4.94
200 PCCROKITA 81.40
201 DEKPOL 32.40
202 ASBIS 2.52
203 PROCHEM 17.20
204 PLAY 20.80
205 PBKM 58.00
206 ALUMETAL 42.65
207 APLISENS 10.40
208 SKOTAN 0.70
209 RANKPROGR 1.59
210 INDYKPOL 60.00
211 WAWEL 834.00
212 PGE 10.00
213 LSISOFT 11.60
214 08OCTAVA 0.82
215 ORANGEPL 4.79
216 STALEXP 3.20
217 KOMPAP 6.45
218 GPW 36.65
219 MEDIACAP 1.67
220 AUTOPARTN 3.86
221 RAFAMET 9.86
222 REINHOLD 0.17
223 INTERSPPL 1.86
224 DOMDEV 63.00
225 COMARCH 152.00
226 ARCTIC 3.10
227 R22 14.90
228 KPPD 21.80
229 KGHM 88.88
230 PKPCARGO 43.90
231 CIGAMES 0.82
232 IFCAPITAL 0.54
233 BEST 25.00
234 NOVATURAS 33.20
235 BEDZIN 21.30
236 AUGA 1.74
237 MAXCOM 15.70
238 ECHO 3.25
239 I2DEV 8.98
240 PATENTUS 0.80
241 MORIZON 1.15
242 WIELTON 9.88
243 BSCDRUK 28.80
244 WOJAS 3.80
245 CELTIC 5.00
246 ARCHICOM 11.50
247 PMPG 2.79
248 JHMDEV 1.53
249 MABION 86.60
250 ERG 44.50
251 WARIMPEX 4.40
252 BOGDANKA 51.30
253 COMP 47.00
254 ENTER 21.40
255 HOLLYWOOD 0.90
256 NANOGROUP 2.44
257 PRAIRIE 1.12
258 AGROTON 3.48
259 REMAK 8.50
260 MUZA 2.66
261 VINDEXUS 6.90
262 APSENERGY 2.23
263 RUBICON 1.04
264 ZASTAL 0.31
265 DROZAPOL 1.40
266 ORCOGROUP 1.45
267 INC 1.17
268 BOWIM 2.77
269 CORMAY 1.11
270 DELKO 7.10
271 PLAZACNTR 3.20
272 ZUE 4.42
273 IMPEXMET 3.13
274 KANIA 1.05
275 AGORA 10.00
276 BENEFIT 844.00
277 MERCOR 8.24
278 BIOMEDLUB 1.05
279 FMG 29.00
280 TAURONPE 2.19
281 RONSON 0.82
282 MOJ 0.61
283 ATAL 28.00
284 ESOTIQ 17.45
285 UNIMA 2.17
286 FEERUM 9.86
287 BGZBNPP 48.50
288 SESCOM 27.80
289 ATLANTIS 0.49
290 EMCINSMED 6.90
291 SANTANDER 16.86
292 MFO 23.50
293 RADPOL 1.08
294 IBSM 15.00
295 ZAMET 0.70
296 ENERGA 8.91
297 JSW 67.26
298 MIRACULUM 1.50
299 POLIMEXMS 2.81
300 INDYGO 0.25
301 ABCDATA 1.26
302 SANWIL 0.58
303 EUROCASH 17.60
304 CCC 193.30
305 ATLASEST 0.98
306 LUBAWA 0.61
307 BUMECH 0.21
308 INTERCARS 209.00
309 HELIO 7.80
310 ENERGOINS 0.76
311 TOYA 7.02
312 TALEX 11.50
313 POLICE 13.50
314 ALIOR 53.15
315 TRITON 2.23
316 LIVECHAT 25.35
317 LIBET 1.20
318 PHN 8.84
319 UNICREDIT 42.15
320 INVISTA 0.85
321 ALTA 1.79
322 IMPERA 0.94
323 SERINUS 0.66
324 COALENERG 0.36
325 PANOVA 14.70
326 STALPROD 320.00
327 MERCATOR 10.80
328 WIKANA 0.66
329 IFSA 0.26
330 MANGATA 58.00
331 POLWAX 7.00
332 PRAGMAINK 9.92
333 SLEEPZAG 4.28
334 CAPITAL 2.18
335 KGL 13.00
336 JWWINVEST 1.01
337 STALPROFI 9.00
338 PEMANAGER 24.20
339 KRUK 156.70
340 PGSSOFT 9.00
341 INTERBUD 0.31
342 NORTCOAST 4.23
343 BUDIMEX 113.60
344 YOLO 1.92
345 AILLERON 10.50
346 POZBUD 2.12
347 OTMUCHOW 1.70
348 ARTERIA 4.46
349 TRANSPOL 2.80
350 WASKO 1.38
351 LENA 2.59
352 KREDYTIN 11.80
353 IZOSTAL 2.95
354 SANOK 24.10
355 KRUSZWICA 39.00
356 JWCONSTR 2.39
357 KCI 0.47
358 VIVID 1.29
359 PBG 0.09
360 STAPORKOW 1.40
361 TRAKCJA 3.94
362 KOMPUTRON 3.20
363 ELEMENTAL 1.30
364 SFINKS 0.81
365 ZEPAK 7.50
366 GROCLIN 3.06
367 TORPOL 4.35
368 INTROL 3.25
369 06MAGNA 0.20
370 ABADONRE 4.10
371 IFIRMA 2.13
372 ELEKTROTI 4.66
373 ATREM 1.31
374 SYNEKTIK 8.90
375 KRAKCHEM 1.10
376 ABPL 15.90
377 ARTIFEX 4.20
378 MWTRADE 2.88
379 OPONEO.PL 20.50
380 BORYSZEW 4.70
381 MONNARI 4.20
382 STELMET 7.24
383 ERBUD 9.46
384 REGNON 0.10
385 KOGENERA 40.00
386 OAT 14.30
387 SELENAFM 8.45
388 ADIUVO 7.06
389 REDAN 0.53
390 ARCUS 1.18
391 RAINBOW 20.20
392 PRIMAMODA 2.55
393 FON 0.09
394 GINOROSSI 0.52
395 MARVIPOL 3.25
396 UNIBEP 4.50
397 GRUPAAZOTY 31.18
398 CZTOREBKA 0.23
399 TOWERINVT 22.00
400 GLCOSMED 0.95
401 FORTE 22.75
402 ERGIS 2.45
403 PCM 12.85
404 SOHODEV 1.01
405 PULAWY 67.60
406 MOSTALWAR 2.08
407 ASTARTA 23.00
408 ELZAB 4.02
409 PGO 2.19
410 SOLAR 0.48
411 RESBUD 0.18
412 PBSFINANSE 0.23
413 PEIXIN 0.71
414 QUERCUS 2.25
415 VOTUM 4.70
416 SADOVAYA 0.12
417 RAFAKO 1.74
418 ELBUDOWA 25.60
419 LARQ 6.00
420 URSUS 1.50
421 UNIMOT 7.96
422 MOSTALZAB 0.24
423 SARE 8.30
424 PRIMETECH 1.41
425 WORKSERV 1.50
426 EKOEXPORT 2.84
427 ZPUE 58.50
428 KSGAGRO 0.70
429 KREZUS 0.56
430 DREWEX 0.31
431 GRODNO 3.77
432 MOSTALPLC 2.99
433 IMPEL 6.95
434 ABMSOLID 3.58
435 BRASTER 2.00
436 REDWOOD 0.13
437 TBULL 28.80
438 NOWAGALA 0.50
439 VENTUREIN 1.49
440 IZOBLOK 27.00
441 AWBUD 1.05
442 EUCO 5.42
443 SETANTA 1.32
444 TERMOREX 0.50
445 CHEMOS 0.33
446 GETINOBLE 0.37
447 MBWS 11.52
448 KDMSHIPNG 0.85
449 GETBACK 3.75
450 OTLOG 4.20
451 OPENFIN 0.25
452 BAHOLDING 1.66
453 KBDOM 0.47
454 QUMAK 0.33
455 ALTUSTFI 2.14
456 HARPER 0.12
457 INDATA 0.31
458 MILKILAND 0.21
459 MEDICALG 26.40
460 GETIN 0.17
461 SCOPAK 0.08
462 TXM 0.26
463 IDEABANK 2.43
464 CUBEITG 0.04
465 FASTFIN 0.09
466 PROCHNIK 0.01
